docker build /home/matthias/cdev/src/github.com/cybertec/cybertec-os-container								\
		--file /home/matthias/cdev/src/github.com/cybertec/cybertec-os-container/docker/postgres_stage/Dockerfile 		\
		--tag cybertec-os-container/postgres-stage:14.0.1	\
		--build-arg BASE_IMAGE								\
		--build-arg IMAGE_REPOSITORY 						\
		--build-arg BASEOS 									\
		--build-arg PACKAGER 								\
		--build-arg CONTAINERSUITE 							\
		--build-arg BUILD 									\
		--build-arg PATRONI_VERSION 						\
		--build-arg PGBACKREST_VERSION 						\
		--build-arg PG_VERSION 								\
		--build-arg OLD_PG_VERSION 							\
		--build-arg PG_MAJOR 							
Sending build context to Docker daemon   5.34MB
Step 1/48 : ARG CONTAINERSUITE
Step 2/48 : ARG BUILD
Step 3/48 : FROM ${CONTAINERSUITE}/base:0.0.${BUILD} as builder-false
 ---> 49e5d6c54201
Step 4/48 : ARG PACKAGER
 ---> Using cache
 ---> 8ff9e0b3f884
Step 5/48 : ARG BASEOS
 ---> Using cache
 ---> d4838da21009
Step 6/48 : ARG PGBACKREST_VERSION
 ---> Using cache
 ---> 1d8202c5a82a
Step 7/48 : ARG PATRONI_VERSION
 ---> Using cache
 ---> 74a8a8a031d1
Step 8/48 : ARG PG_VERSION
 ---> Using cache
 ---> 1e3caee15d64
Step 9/48 : ARG PG_MAJOR
 ---> Using cache
 ---> 6e5f34cfa995
Step 10/48 : ARG OLD_PG_VERSIONS
 ---> Using cache
 ---> c4360eb81613
Step 11/48 : ARG PG_SUPPORTED_VERSIONS="$OLD_PG_VERSIONS $PG_MAJOR"
 ---> Using cache
 ---> 986cb87d671f
Step 12/48 : ARG TIMESCALEDB="1.7.5 2.3.1 2.8.1"
 ---> Using cache
 ---> 99287b9e5a80
Step 13/48 : ENV BG_MON_COMMIT=e22182e129ce357b5aa80090fba2aacfc42b1996     PG_AUTH_MON_COMMIT=52d90bbaa6d3c61195cd9532ebe036b1183808c5     PG_MON_COMMIT=54fbdcc3cfe7e2a626bd96dda644d9a0c6866b58     SET_USER=REL3_0_0     PLPROFILER=REL4_1     PG_PROFILE=0.3.6     PAM_OAUTH2=v1.0.1     PLANTUNER_COMMIT=800d81bc85da64ff3ef66e12aed1d4e1e54fc006     PG_PERMISSIONS_COMMIT=314b9359e3d77c0b2ef7dbbde97fa4be80e31925     PG_TM_AUX_COMMIT=6c012d38a4c1b0ba4a36952d60b0ce3a22ac9c3d
 ---> Using cache
 ---> 03da82e29e27
Step 14/48 : RUN ${PACKAGER} -y update && ${PACKAGER} -y install --nodocs         openssh-clients         openssh-server         shadow-utils         tar         bzip2         lz4         python3         python3-pip         python3-psycopg2         python3-psutil         python3-requests         python3-etcd         git         patchutils         binutils         make         cmake         gcc         curl         libcurl-devel         pam-devel         wget         mlocate         git-clang-format         openssl-devel         ccache         redhat-rpm-config         krb5-devel         busybox         dpkg     && ${PACKAGER} -y clean all;
 ---> Using cache
 ---> db5949aeb26a
Step 15/48 : RUN if [ "$BASEOS" = "ubi8" ] ; then 	${PACKAGER} -y install --nodocs 		pgbackrest-${PGBACKREST_VERSION} 		&& ${PACKAGER} -y clean all ; else 	${PACKAGER} -y install --nodocs  		--setopt=skip_missing_names_on_install=False         pgbackrest-${PGBACKREST_VERSION} 		&& ${PACKAGER} -y clean all ; fi
 ---> Using cache
 ---> c1f0029418f0
Step 16/48 : RUN ETCDVERSION=3.3.27     && curl -L https://github.com/coreos/etcd/releases/download/v${ETCDVERSION}/etcd-v${ETCDVERSION}-linux-$(dpkg --print-architecture).tar.gz     | tar xz -C /bin --strip=1 --wildcards --no-anchored --no-same-owner etcdctl etcd;
 ---> Using cache
 ---> 4f3b46acdfb0
Step 17/48 : RUN pip3 install 'PyYAML<6.0' setuptools pystache loader dumb-init kazoo meld3 boto
 ---> Using cache
 ---> 83455ad07096
Step 18/48 : RUN ${PACKAGER} -y install python3-etcd python3-consul                           python3-gevent python3-greenlet python3-cachetools                         python3-rsa python3-pyasn1-modules  python3-cffi     && ${PACKAGER} -y clean all;
 ---> Using cache
 ---> 0ea191404cf1
Step 19/48 : RUN pip3 install patroni[kubernetes$EXTRAS]==$PATRONI_VERSION
 ---> Using cache
 ---> 45605dba63b3
Step 20/48 : RUN mkdir /usr/lib/postgresql
 ---> Using cache
 ---> 29acddd2382e
Step 21/48 : ENV PATHBACKUP = $PATH
 ---> Using cache
 ---> 40b91ba6e13c
Step 22/48 : RUN git clone -b $PAM_OAUTH2 --recurse-submodules https://github.com/zalando-pg/pam-oauth2.git     && make -C pam-oauth2 install     && curl -sL https://github.com/zalando-pg/bg_mon/archive/$BG_MON_COMMIT.tar.gz | tar xz     && curl -sL https://github.com/zalando-pg/pg_auth_mon/archive/$PG_AUTH_MON_COMMIT.tar.gz | tar xz     && curl -sL https://github.com/cybertec-postgresql/pg_permissions/archive/$PG_PERMISSIONS_COMMIT.tar.gz | tar xz     && curl -sL https://github.com/x4m/pg_tm_aux/archive/$PG_TM_AUX_COMMIT.tar.gz | tar xz     && curl -sL https://github.com/zubkov-andrei/pg_profile/archive/$PG_PROFILE.tar.gz | tar xz     && git clone -b $SET_USER https://github.com/pgaudit/set_user.git     && git clone https://github.com/timescale/timescaledb.git     && git clone https://github.com/dimitri/pgextwlist.git     && git clone https://github.com/powa-team/pg_stat_kcache.git     && ${PACKAGER} -y install postgresql${PG_MAJOR} libevent-devel brotli-devel libbrotli     && ${PACKAGER} -y clean all    && for version in $PG_SUPPORTED_VERSIONS; do         ${PACKAGER} -y update &&         ${PACKAGER} -y install postgresql${version}-pltcl                             pgaudit1*_${version}             && ${PACKAGER} -y install -y postgresql${version}-contrib                     postgresql${version}-plpython3 postgresql${version}-devel                     pg_cron_${version}             && ln -s /usr/pgsql-$version /usr/lib/postgresql/$version             && export PATH=$PATHBACKUP:/usr/pgsql-$version/bin              && cd /timescaledb             && for v in $TIMESCALEDB; do                     git checkout $v                     && sed -i "s/VERSION 3.11/VERSION 3.10/" CMakeLists.txt                     && if BUILD_FORCE_REMOVE=true ./bootstrap -DREGRESS_CHECKS=OFF -DWARNINGS_AS_ERRORS=OFF                         -DTAP_CHECKS=OFF -DPG_CONFIG=/usr/pgsql-$version/bin/pg_config                         -DAPACHE_ONLY=$TIMESCALEDB_APACHE_ONLY -DSEND_TELEMETRY_DEFAULT=NO; then                             make -C build install                             && strip /usr/pgsql-$version/lib/timescaledb*.so;                     fi                     && git reset --hard                     && git clean -f -d;                 done             && cd ..             && for n in bg_mon-${BG_MON_COMMIT} pg_auth_mon-${PG_AUTH_MON_COMMIT} set_user pg_permissions-${PG_PERMISSIONS_COMMIT} pg_tm_aux-${PG_TM_AUX_COMMIT} pg_profile-${PG_PROFILE} $EXTRA_EXTENSIONS; do                 make -C $n USE_PGXS=1 clean install-strip;             done             && cd /pgextwlist && make && make install             && cd /pg_stat_kcache && make clean && make && make install         && ${PACKAGER} -y clean all;     done
 ---> Using cache
 ---> e5b4c221919f
Step 23/48 : RUN dnf -y install 'dnf-command(config-manager)'
 ---> Using cache
 ---> e217b916a86c
Step 24/48 : RUN dnf -y config-manager --set-enabled crb
 ---> Using cache
 ---> cd75e1ce4f5d
Step 25/48 : RUN dnf -y install glibc-devel glibc-static
 ---> Using cache
 ---> ced3f9931d1d
Step 26/48 : RUN  mkdir /package && cd /package && wget http://smarden.org/runit/runit-2.1.2.tar.gz && tar -xvzf runit-2.1.2.tar.gz && rm runit-2.1.2.tar.gz && cd admin/runit-2.1.2 && package/install
 ---> Using cache
 ---> 605fe7e3d862
Step 27/48 : RUN ln -s /usr/local/bin/dumb-init /usr/bin/dumb-init && ln -s /usr/local/bin/runsvdir /usr/bin/runsvdir
 ---> Using cache
 ---> ff27ca87d9d9
Step 28/48 : RUN rm -rf /pgextwlist     && rm -rf /pg_stat_kcache     && rm /etc/pgbackrest.conf && rm -rf /var/spool/pgbackrest;
 ---> Using cache
 ---> 5cdda0cf38d2
Step 29/48 : RUN ${PACKAGER} -y remove python3-pip python3-wheel python3-dev git patchutils binutils     && ${PACKAGER} -y autoremove     && ${PACKAGER} -y clean all     && rm -rf /var/lib/apt/lists/*             /var/cache/debconf/*             /root/.cache             /usr/share/doc             /usr/share/man             /usr/share/locale/??             /usr/share/locale/??_??             /usr/share/info     && find /var/log -type f -exec truncate --size 0 {} \;
 ---> Running in b3b6404c940e
No match for argument: python3-wheel
No match for argument: python3-dev
Dependencies resolved.
================================================================================
 Package                        Arch   Version                 Repository  Size
================================================================================
Removing:
 binutils                       x86_64 2.35.2-24.el9           @baseos     24 M
 git                            x86_64 2.31.1-2.el9.2          @appstream 365 k
 patchutils                     x86_64 0.4.2-7.el9             @appstream 210 k
 python3-pip                    noarch 21.2.3-6.el9            @appstream 8.7 M
Removing dependent packages:
 annobin                        x86_64 10.73-3.el9             @appstream 1.0 M
 binutils-gold                  x86_64 2.35.2-24.el9           @baseos    2.0 M
 gcc                            x86_64 11.3.1-2.1.el9          @appstream  85 M
 gcc-plugin-annobin             x86_64 11.3.1-2.1.el9          @appstream  52 k
 git-clang-format               x86_64 14.0.6-1.el9            @appstream  23 k
 postgresql14-devel             x86_64 14.6-1PGDG.rhel9        @pgdg14     19 M
Removing unused dependencies:
 checkpolicy                    x86_64 3.4-1.el9               @appstream 1.4 M
 clang                          x86_64 14.0.6-1.el9            @appstream 180 k
 clang-devel                    x86_64 14.0.6-1.el9            @appstream  17 M
 clang-libs                     x86_64 14.0.6-1.el9            @appstream  97 M
 clang-resource-filesystem      x86_64 14.0.6-1.el9            @appstream   6  
 clang-tools-extra              x86_64 14.0.6-1.el9            @appstream  66 M
 compiler-rt                    x86_64 14.0.6-1.el9            @appstream  45 M
 cpp                            x86_64 11.3.1-2.1.el9          @appstream  29 M
 diffutils                      x86_64 3.7-12.el9              @baseos    1.4 M
 ed                             x86_64 1.14.2-12.el9           @baseos    127 k
 environment-modules            x86_64 5.0.1-1.el9             @baseos    2.4 M
 gcc-c++                        x86_64 11.3.1-2.1.el9          @appstream  32 M
 gcc-toolset-12-binutils        x86_64 2.38-16.el9             @appstream  24 M
 gcc-toolset-12-binutils-gold   x86_64 2.38-16.el9             @appstream 2.1 M
 gcc-toolset-12-gcc             x86_64 12.1.1-3.2.el9          @appstream 111 M
 gcc-toolset-12-gcc-c++         x86_64 12.1.1-3.2.el9          @appstream  35 M
 gcc-toolset-12-libstdc++-devel x86_64 12.1.1-3.2.el9          @appstream  19 M
 gcc-toolset-12-runtime         x86_64 12.0-5.el9              @appstream 3.6 k
 git-core                       x86_64 2.31.1-2.el9.2          @appstream  16 M
 git-core-doc                   noarch 2.31.1-2.el9.2          @appstream  15 M
 info                           x86_64 6.7-15.el9              @baseos    496 k
 libedit-devel                  x86_64 3.1-37.20210216cvs.el9  @appstream  57 k
 libicu-devel                   x86_64 67.1-9.el9              @appstream 5.4 M
 libmpc                         x86_64 1.2.1-4.el9             @appstream 135 k
 libomp                         x86_64 14.0.6-1.el9            @appstream 2.5 M
 libomp-devel                   x86_64 14.0.6-1.el9            @appstream 180 k
 libpipeline                    x86_64 1.5.3-4.el9             @baseos    113 k
 libselinux-utils               x86_64 3.4-3.el9               @baseos    385 k
 libstdc++-devel                x86_64 11.3.1-2.1.el9          @appstream  13 M
 llvm                           x86_64 14.0.6-1.el9            @appstream  48 M
 llvm-devel                     x86_64 14.0.6-1.el9            @appstream  21 M
 llvm-libs                      x86_64 14.0.6-1.el9            @appstream  85 M
 llvm-static                    x86_64 14.0.6-1.el9            @appstream 218 M
 llvm-test                      x86_64 14.0.6-1.el9            @appstream 1.7 M
 man-db                         x86_64 2.9.3-6.el9             @baseos    2.5 M
 ncurses-c++-libs               x86_64 6.2-8.20210508.el9      @appstream 162 k
 ncurses-devel                  x86_64 6.2-8.20210508.el9      @appstream 857 k
 patch                          x86_64 2.7.6-16.el9            @appstream 259 k
 perl-DynaLoader                x86_64 1.47-479.el9            @appstream  32 k
 perl-Error                     noarch 1:0.17029-7.el9         @appstream  78 k
 perl-Git                       noarch 2.31.1-2.el9.2          @appstream  64 k
 perl-TermReadKey               x86_64 2.38-11.el9             @appstream  65 k
 perl-lib                       x86_64 0.65-479.el9            @appstream 9.4 k
 policycoreutils                x86_64 3.4-4.el9               @baseos    690 k
 policycoreutils-python-utils   noarch 3.4-4.el9               @appstream 117 k
 python3-audit                  x86_64 3.0.7-103.el9           @appstream 337 k
 python3-libselinux             x86_64 3.4-3.el9               @appstream 601 k
 python3-libsemanage            x86_64 3.4-2.el9               @appstream 416 k
 python3-policycoreutils        noarch 3.4-4.el9               @appstream 5.4 M
 python3-setools                x86_64 4.4.0-5.el9             @baseos    2.3 M
 scl-utils                      x86_64 1:2.0.3-2.el9           @appstream  66 k

Transaction Summary
================================================================================
Remove  61 Packages

Freed space: 1.0 G
Running transaction check
Transaction check succeeded.
Running transaction test
Transaction test succeeded.
Running transaction
  Preparing        :                                                        1/1 
  Erasing          : postgresql14-devel-14.6-1PGDG.rhel9.x86_64            1/61 
  Erasing          : clang-devel-14.0.6-1.el9.x86_64                       2/61 
  Erasing          : clang-14.0.6-1.el9.x86_64                             3/61 
  Running scriptlet: clang-14.0.6-1.el9.x86_64                             3/61 
  Erasing          : llvm-devel-14.0.6-1.el9.x86_64                        4/61 
  Running scriptlet: llvm-devel-14.0.6-1.el9.x86_64                        4/61 
  Erasing          : llvm-test-14.0.6-1.el9.x86_64                         5/61 
  Erasing          : llvm-14.0.6-1.el9.x86_64                              6/61 
  Erasing          : gcc-c++-11.3.1-2.1.el9.x86_64                         7/61 
  Running scriptlet: gcc-c++-11.3.1-2.1.el9.x86_64                         7/61 
  Erasing          : annobin-10.73-3.el9.x86_64                            8/61 
  Running scriptlet: annobin-10.73-3.el9.x86_64                            8/61 
  Erasing          : git-clang-format-14.0.6-1.el9.x86_64                  9/61 
  Erasing          : git-2.31.1-2.el9.2.x86_64                            10/61 
  Erasing          : git-core-doc-2.31.1-2.el9.2.noarch                   11/61 
  Erasing          : perl-Git-2.31.1-2.el9.2.noarch                       12/61 
  Erasing          : libedit-devel-3.1-37.20210216cvs.el9.x86_64          13/61 
  Erasing          : clang-tools-extra-14.0.6-1.el9.x86_64                14/61 
  Erasing          : ncurses-devel-6.2-8.20210508.el9.x86_64              15/61 
  Erasing          : clang-libs-14.0.6-1.el9.x86_64                       16/61 
  Erasing          : libomp-devel-14.0.6-1.el9.x86_64                     17/61 
  Erasing          : gcc-toolset-12-gcc-c++-12.1.1-3.2.el9.x86_64         18/61 
  Erasing          : gcc-toolset-12-gcc-12.1.1-3.2.el9.x86_64             19/61 
  Running scriptlet: gcc-toolset-12-binutils-2.38-16.el9.x86_64           20/61 
  Erasing          : gcc-toolset-12-binutils-2.38-16.el9.x86_64           20/61 
  Running scriptlet: gcc-toolset-12-binutils-2.38-16.el9.x86_64           20/61 
  Erasing          : libomp-14.0.6-1.el9.x86_64                           21/61 
  Erasing          : gcc-toolset-12-libstdc++-devel-12.1.1-3.2.el9.x86_   22/61 
  Running scriptlet: gcc-toolset-12-binutils-gold-2.38-16.el9.x86_64      23/61 
  Erasing          : gcc-toolset-12-binutils-gold-2.38-16.el9.x86_64      23/61 
  Running scriptlet: gcc-toolset-12-runtime-12.0-5.el9.x86_64             24/61 
  Erasing          : gcc-toolset-12-runtime-12.0-5.el9.x86_64             24/61 
  Running scriptlet: gcc-toolset-12-runtime-12.0-5.el9.x86_64             24/61 
ValueError: SELinux policy is not managed or store cannot be accessed.

  Erasing          : policycoreutils-python-utils-3.4-4.el9.noarch        25/61 
  Erasing          : python3-policycoreutils-3.4-4.el9.noarch             26/61 
  Running scriptlet: policycoreutils-3.4-4.el9.x86_64                     27/61 
Removed "/etc/systemd/system/sysinit.target.wants/selinux-autorelabel-mark.service".

  Erasing          : policycoreutils-3.4-4.el9.x86_64                     27/61 
  Erasing          : python3-libsemanage-3.4-2.el9.x86_64                 28/61 
  Erasing          : scl-utils-1:2.0.3-2.el9.x86_64                       29/61 
  Erasing          : environment-modules-5.0.1-1.el9.x86_64               30/61 
  Running scriptlet: environment-modules-5.0.1-1.el9.x86_64               30/61 
  Running scriptlet: man-db-2.9.3-6.el9.x86_64                            31/61 
  Erasing          : man-db-2.9.3-6.el9.x86_64                            31/61 
  Running scriptlet: man-db-2.9.3-6.el9.x86_64                            31/61 
  Erasing          : compiler-rt-14.0.6-1.el9.x86_64                      32/61 
  Erasing          : perl-TermReadKey-2.38-11.el9.x86_64                  33/61 
  Erasing          : patchutils-0.4.2-7.el9.x86_64                        34/61 
  Erasing          : patch-2.7.6-16.el9.x86_64                            35/61 
  Erasing          : ed-1.14.2-12.el9.x86_64                              36/61 
  Erasing          : gcc-plugin-annobin-11.3.1-2.1.el9.x86_64             37/61 
  Erasing          : perl-DynaLoader-1.47-479.el9.x86_64                  38/61 
  Erasing          : clang-resource-filesystem-14.0.6-1.el9.x86_64        39/61 
  Erasing          : perl-Error-1:0.17029-7.el9.noarch                    40/61 
  Erasing          : perl-lib-0.65-479.el9.x86_64                         41/61 
  Erasing          : libstdc++-devel-11.3.1-2.1.el9.x86_64                42/61 
  Erasing          : llvm-static-14.0.6-1.el9.x86_64                      43/61 
  Erasing          : python3-pip-21.2.3-6.el9.noarch                      44/61 
  Erasing          : gcc-11.3.1-2.1.el9.x86_64                            45/61 
  Running scriptlet: gcc-11.3.1-2.1.el9.x86_64                            45/61 
  Running scriptlet: binutils-2.35.2-24.el9.x86_64                        46/61 
  Erasing          : binutils-2.35.2-24.el9.x86_64                        46/61 
  Running scriptlet: binutils-2.35.2-24.el9.x86_64                        46/61 
  Erasing          : cpp-11.3.1-2.1.el9.x86_64                            47/61 
  Erasing          : libmpc-1.2.1-4.el9.x86_64                            48/61 
  Erasing          : binutils-gold-2.35.2-24.el9.x86_64                   49/61 
  Erasing          : info-6.7-15.el9.x86_64                               50/61 
  Erasing          : libpipeline-1.5.3-4.el9.x86_64                       51/61 
  Erasing          : python3-libselinux-3.4-3.el9.x86_64                  52/61 
  Erasing          : diffutils-3.7-12.el9.x86_64                          53/61 
  Erasing          : libselinux-utils-3.4-3.el9.x86_64                    54/61 
  Erasing          : python3-audit-3.0.7-103.el9.x86_64                   55/61 
  Erasing          : checkpolicy-3.4-1.el9.x86_64                         56/61 
  Erasing          : python3-setools-4.4.0-5.el9.x86_64                   57/61 
  Erasing          : llvm-libs-14.0.6-1.el9.x86_64                        58/61 
  Erasing          : ncurses-c++-libs-6.2-8.20210508.el9.x86_64           59/61 
  Erasing          : git-core-2.31.1-2.el9.2.x86_64                       60/61 
  Erasing          : libicu-devel-67.1-9.el9.x86_64                       61/61 
  Verifying        : annobin-10.73-3.el9.x86_64                            1/61 
  Verifying        : binutils-2.35.2-24.el9.x86_64                         2/61 
  Verifying        : binutils-gold-2.35.2-24.el9.x86_64                    3/61 
  Verifying        : checkpolicy-3.4-1.el9.x86_64                          4/61 
  Verifying        : clang-14.0.6-1.el9.x86_64                             5/61 
  Verifying        : clang-devel-14.0.6-1.el9.x86_64                       6/61 
  Verifying        : clang-libs-14.0.6-1.el9.x86_64                        7/61 
  Verifying        : clang-resource-filesystem-14.0.6-1.el9.x86_64         8/61 
  Verifying        : clang-tools-extra-14.0.6-1.el9.x86_64                 9/61 
  Verifying        : compiler-rt-14.0.6-1.el9.x86_64                      10/61 
  Verifying        : cpp-11.3.1-2.1.el9.x86_64                            11/61 
  Verifying        : diffutils-3.7-12.el9.x86_64                          12/61 
  Verifying        : ed-1.14.2-12.el9.x86_64                              13/61 
  Verifying        : environment-modules-5.0.1-1.el9.x86_64               14/61 
  Verifying        : gcc-11.3.1-2.1.el9.x86_64                            15/61 
  Verifying        : gcc-c++-11.3.1-2.1.el9.x86_64                        16/61 
  Verifying        : gcc-plugin-annobin-11.3.1-2.1.el9.x86_64             17/61 
  Verifying        : gcc-toolset-12-binutils-2.38-16.el9.x86_64           18/61 
  Verifying        : gcc-toolset-12-binutils-gold-2.38-16.el9.x86_64      19/61 
  Verifying        : gcc-toolset-12-gcc-12.1.1-3.2.el9.x86_64             20/61 
  Verifying        : gcc-toolset-12-gcc-c++-12.1.1-3.2.el9.x86_64         21/61 
  Verifying        : gcc-toolset-12-libstdc++-devel-12.1.1-3.2.el9.x86_   22/61 
  Verifying        : gcc-toolset-12-runtime-12.0-5.el9.x86_64             23/61 
  Verifying        : git-2.31.1-2.el9.2.x86_64                            24/61 
  Verifying        : git-clang-format-14.0.6-1.el9.x86_64                 25/61 
  Verifying        : git-core-2.31.1-2.el9.2.x86_64                       26/61 
  Verifying        : git-core-doc-2.31.1-2.el9.2.noarch                   27/61 
  Verifying        : info-6.7-15.el9.x86_64                               28/61 
  Verifying        : libedit-devel-3.1-37.20210216cvs.el9.x86_64          29/61 
  Verifying        : libicu-devel-67.1-9.el9.x86_64                       30/61 
  Verifying        : libmpc-1.2.1-4.el9.x86_64                            31/61 
  Verifying        : libomp-14.0.6-1.el9.x86_64                           32/61 
  Verifying        : libomp-devel-14.0.6-1.el9.x86_64                     33/61 
  Verifying        : libpipeline-1.5.3-4.el9.x86_64                       34/61 
  Verifying        : libselinux-utils-3.4-3.el9.x86_64                    35/61 
  Verifying        : libstdc++-devel-11.3.1-2.1.el9.x86_64                36/61 
  Verifying        : llvm-14.0.6-1.el9.x86_64                             37/61 
  Verifying        : llvm-devel-14.0.6-1.el9.x86_64                       38/61 
  Verifying        : llvm-libs-14.0.6-1.el9.x86_64                        39/61 
  Verifying        : llvm-static-14.0.6-1.el9.x86_64                      40/61 
  Verifying        : llvm-test-14.0.6-1.el9.x86_64                        41/61 
  Verifying        : man-db-2.9.3-6.el9.x86_64                            42/61 
  Verifying        : ncurses-c++-libs-6.2-8.20210508.el9.x86_64           43/61 
  Verifying        : ncurses-devel-6.2-8.20210508.el9.x86_64              44/61 
  Verifying        : patch-2.7.6-16.el9.x86_64                            45/61 
  Verifying        : patchutils-0.4.2-7.el9.x86_64                        46/61 
  Verifying        : perl-DynaLoader-1.47-479.el9.x86_64                  47/61 
  Verifying        : perl-Error-1:0.17029-7.el9.noarch                    48/61 
  Verifying        : perl-Git-2.31.1-2.el9.2.noarch                       49/61 
  Verifying        : perl-TermReadKey-2.38-11.el9.x86_64                  50/61 
  Verifying        : perl-lib-0.65-479.el9.x86_64                         51/61 
  Verifying        : policycoreutils-3.4-4.el9.x86_64                     52/61 
  Verifying        : policycoreutils-python-utils-3.4-4.el9.noarch        53/61 
  Verifying        : postgresql14-devel-14.6-1PGDG.rhel9.x86_64           54/61 
  Verifying        : python3-audit-3.0.7-103.el9.x86_64                   55/61 
  Verifying        : python3-libselinux-3.4-3.el9.x86_64                  56/61 
  Verifying        : python3-libsemanage-3.4-2.el9.x86_64                 57/61 
  Verifying        : python3-pip-21.2.3-6.el9.noarch                      58/61 
  Verifying        : python3-policycoreutils-3.4-4.el9.noarch             59/61 
  Verifying        : python3-setools-4.4.0-5.el9.x86_64                   60/61 
  Verifying        : scl-utils-1:2.0.3-2.el9.x86_64                       61/61 

Removed:
  annobin-10.73-3.el9.x86_64                                                    
  binutils-2.35.2-24.el9.x86_64                                                 
  binutils-gold-2.35.2-24.el9.x86_64                                            
  checkpolicy-3.4-1.el9.x86_64                                                  
  clang-14.0.6-1.el9.x86_64                                                     
  clang-devel-14.0.6-1.el9.x86_64                                               
  clang-libs-14.0.6-1.el9.x86_64                                                
  clang-resource-filesystem-14.0.6-1.el9.x86_64                                 
  clang-tools-extra-14.0.6-1.el9.x86_64                                         
  compiler-rt-14.0.6-1.el9.x86_64                                               
  cpp-11.3.1-2.1.el9.x86_64                                                     
  diffutils-3.7-12.el9.x86_64                                                   
  ed-1.14.2-12.el9.x86_64                                                       
  environment-modules-5.0.1-1.el9.x86_64                                        
  gcc-11.3.1-2.1.el9.x86_64                                                     
  gcc-c++-11.3.1-2.1.el9.x86_64                                                 
  gcc-plugin-annobin-11.3.1-2.1.el9.x86_64                                      
  gcc-toolset-12-binutils-2.38-16.el9.x86_64                                    
  gcc-toolset-12-binutils-gold-2.38-16.el9.x86_64                               
  gcc-toolset-12-gcc-12.1.1-3.2.el9.x86_64                                      
  gcc-toolset-12-gcc-c++-12.1.1-3.2.el9.x86_64                                  
  gcc-toolset-12-libstdc++-devel-12.1.1-3.2.el9.x86_64                          
  gcc-toolset-12-runtime-12.0-5.el9.x86_64                                      
  git-2.31.1-2.el9.2.x86_64                                                     
  git-clang-format-14.0.6-1.el9.x86_64                                          
  git-core-2.31.1-2.el9.2.x86_64                                                
  git-core-doc-2.31.1-2.el9.2.noarch                                            
  info-6.7-15.el9.x86_64                                                        
  libedit-devel-3.1-37.20210216cvs.el9.x86_64                                   
  libicu-devel-67.1-9.el9.x86_64                                                
  libmpc-1.2.1-4.el9.x86_64                                                     
  libomp-14.0.6-1.el9.x86_64                                                    
  libomp-devel-14.0.6-1.el9.x86_64                                              
  libpipeline-1.5.3-4.el9.x86_64                                                
  libselinux-utils-3.4-3.el9.x86_64                                             
  libstdc++-devel-11.3.1-2.1.el9.x86_64                                         
  llvm-14.0.6-1.el9.x86_64                                                      
  llvm-devel-14.0.6-1.el9.x86_64                                                
  llvm-libs-14.0.6-1.el9.x86_64                                                 
  llvm-static-14.0.6-1.el9.x86_64                                               
  llvm-test-14.0.6-1.el9.x86_64                                                 
  man-db-2.9.3-6.el9.x86_64                                                     
  ncurses-c++-libs-6.2-8.20210508.el9.x86_64                                    
  ncurses-devel-6.2-8.20210508.el9.x86_64                                       
  patch-2.7.6-16.el9.x86_64                                                     
  patchutils-0.4.2-7.el9.x86_64                                                 
  perl-DynaLoader-1.47-479.el9.x86_64                                           
  perl-Error-1:0.17029-7.el9.noarch                                             
  perl-Git-2.31.1-2.el9.2.noarch                                                
  perl-TermReadKey-2.38-11.el9.x86_64                                           
  perl-lib-0.65-479.el9.x86_64                                                  
  policycoreutils-3.4-4.el9.x86_64                                              
  policycoreutils-python-utils-3.4-4.el9.noarch                                 
  postgresql14-devel-14.6-1PGDG.rhel9.x86_64                                    
  python3-audit-3.0.7-103.el9.x86_64                                            
  python3-libselinux-3.4-3.el9.x86_64                                           
  python3-libsemanage-3.4-2.el9.x86_64                                          
  python3-pip-21.2.3-6.el9.noarch                                               
  python3-policycoreutils-3.4-4.el9.noarch                                      
  python3-setools-4.4.0-5.el9.x86_64                                            
  scl-utils-1:2.0.3-2.el9.x86_64                                                

Complete!
Last metadata expiration check: 0:03:05 ago on Fri Dec 16 10:26:04 2022.
Dependencies resolved.
Nothing to do.
Complete!
87 files removed
Removing intermediate container b3b6404c940e
 ---> 171a6afe16f9
Step 30/48 : FROM builder-false
 ---> 171a6afe16f9
Step 31/48 : ARG PG_VERSION
 ---> Running in a425030dbd56
Removing intermediate container a425030dbd56
 ---> 3804add5b449
Step 32/48 : ARG PG_MAJOR
 ---> Running in 61a14c7dd2d1
Removing intermediate container 61a14c7dd2d1
 ---> 7d47995b6708
Step 33/48 : ARG TIMESCALEDB
 ---> Running in a1c50f118c24
Removing intermediate container a1c50f118c24
 ---> 0fe1f0ff1dbd
Step 34/48 : ARG COMPRESS
 ---> Running in 038487056e8d
Removing intermediate container 038487056e8d
 ---> ac100507b7a4
Step 35/48 : EXPOSE 5432 8008 8080
 ---> Running in 61d1f0fd5ca1
Removing intermediate container 61d1f0fd5ca1
 ---> 4b7fe7255e0e
Step 36/48 : ENV LC_ALL=en_US.utf-8     PATH=$PATH:/usr/pgsql-$PG_MAJOR/bin     PGHOME=/home/postgres     RW_DIR=/run     TIMESCALEDB=$TIMESCALEDB     DEMO=$DEMO
 ---> Running in a555f564cc10
Removing intermediate container a555f564cc10
 ---> 90fc683a9ca5
Step 37/48 : ENV LOG_ENV_DIR=$RW_DIR/etc/log.d/env     PGROOT=$PGHOME/pgdata/pgroot
 ---> Running in e4b4c7f73833
Removing intermediate container e4b4c7f73833
 ---> 4eaa355d67d8
Step 38/48 : ENV PGDATA=$PGROOT/data     PGLOG=$PGROOT/pg_log
 ---> Running in 6755eba80fd4
Removing intermediate container 6755eba80fd4
 ---> 4e09db0e23e5
Step 39/48 : WORKDIR $PGHOME
 ---> Running in e96371868b19
Removing intermediate container e96371868b19
 ---> 29893ac644b4
Step 40/48 : COPY motd /etc/
 ---> 0b10ca7346c4
Step 41/48 : COPY runit /etc/runit/runsvdir/default/
 ---> 751f2d615f18
Step 42/48 : COPY pgq_ticker.ini $PGHOME/
 ---> 7b335d141143
Step 43/48 : RUN rm -rf /etc/service
 ---> Running in 40d865106570
Removing intermediate container 40d865106570
 ---> c0768dc03a82
Step 44/48 : RUN sed -i "s|/var/lib/pgsql.*|$PGHOME:/bin/bash|" /etc/passwd         && chown -R postgres:postgres $PGHOME $RW_DIR         && rm -fr /var/spool/cron /var/tmp         && mkdir -p /var/spool         && ln -s $RW_DIR/cron /var/spool/cron         && ln -s $RW_DIR/tmp /var/tmp         && for d in /etc/runit/runsvdir/default/*; do             chmod 755 $d/*             && ln -s /run/supervise/$(basename $d) $d/supervise;         done         && ln -snf $RW_DIR/service /etc/service         && ln -s $RW_DIR/postgres.yml $PGHOME/postgres.yml         && ln -s $RW_DIR/.bash_history /root/.bash_history         && ln -s $RW_DIR/postgresql/.bash_history $PGHOME/.bash_history         && ln -s $RW_DIR/postgresql/.psql_history $PGHOME/.psql_history         && ln -s $RW_DIR/etc $PGHOME/etc         && for d in $PGHOME /root; do             d=$d/.config/patroni             && mkdir -p $d             && ln -s $PGHOME/postgres.yml $d/patronictl.yaml;         done         && sed -i 's/set compatible/set nocompatible/' /etc/vimrc         && echo "PATH=\"$PATH\"" > /etc/environment         && for e in TERM=linux LC_ALL=C.UTF-8 LANG=C.UTF-8 EDITOR=editor;             do echo "export $e" >> /etc/bash.bashrc;         done         && ln -s /etc/skel/.bashrc $PGHOME/.bashrc         && echo "source /etc/motd" >> /root/.bashrc         && if [ "$COMPRESS" != "true" ]; then            chmod 664 /etc/passwd            && chmod o+r /etc/shadow            && chgrp -R 0 $PGHOME $RW_DIR            && chmod -R g=u $PGHOME $RW_DIR            && usermod -a -G root postgres;         fi
 ---> Running in 3f4cbda96d04
Removing intermediate container 3f4cbda96d04
 ---> df2f3aebd74e
Step 45/48 : COPY scripts bootstrap major_upgrade /scripts/
 ---> cd504277c5f8
Step 46/48 : COPY launcher/postgres/launch.sh /
 ---> bcfec3621f0f
Step 47/48 : USER 26
 ---> Running in ea1c29dae6af
Removing intermediate container ea1c29dae6af
 ---> a5b1710c73e5
Step 48/48 : CMD ["/bin/sh", "/launch.sh", "init"]
 ---> Running in 53ee213c657a
Removing intermediate container 53ee213c657a
 ---> 8481f8b209a7
[Warning] One or more build-args [BASE_IMAGE IMAGE_REPOSITORY OLD_PG_VERSION] were not consumed
Successfully built 8481f8b209a7
Successfully tagged cybertec-os-container/postgres-stage:14.0.1
