docker build /home/matthias/cdev/src/github.com/cybertec/cybertec-os-container								\
		--file /home/matthias/cdev/src/github.com/cybertec/cybertec-os-container/docker/postgres_stage/Dockerfile 		\
		--tag cybertec-os-container/postgres-stage:14.0.1	\
		--build-arg BASE_IMAGE								\
		--build-arg IMAGE_REPOSITORY 						\
		--build-arg BASEOS 									\
		--build-arg PACKAGER 								\
		--build-arg CONTAINERSUITE 							\
		--build-arg BUILD 									\
		--build-arg PATRONI_VERSION 						\
		--build-arg PGBACKREST_VERSION 						\
		--build-arg PG_VERSION 								\
		--build-arg OLD_PG_VERSION 							\
		--build-arg PG_MAJOR 							
Sending build context to Docker daemon  5.264MB
Step 1/48 : ARG CONTAINERSUITE
Step 2/48 : ARG BUILD
Step 3/48 : FROM ${CONTAINERSUITE}/base:0.0.${BUILD} as builder-false
 ---> 49e5d6c54201
Step 4/48 : ARG PACKAGER
 ---> Using cache
 ---> 8ff9e0b3f884
Step 5/48 : ARG BASEOS
 ---> Using cache
 ---> d4838da21009
Step 6/48 : ARG PGBACKREST_VERSION
 ---> Using cache
 ---> 1d8202c5a82a
Step 7/48 : ARG PATRONI_VERSION
 ---> Using cache
 ---> 74a8a8a031d1
Step 8/48 : ARG PG_VERSION
 ---> Using cache
 ---> 1e3caee15d64
Step 9/48 : ARG PG_MAJOR
 ---> Using cache
 ---> 6e5f34cfa995
Step 10/48 : ARG OLD_PG_VERSIONS
 ---> Using cache
 ---> c4360eb81613
Step 11/48 : ARG PG_SUPPORTED_VERSIONS="$OLD_PG_VERSIONS $PG_MAJOR"
 ---> Using cache
 ---> 986cb87d671f
Step 12/48 : ARG TIMESCALEDB="1.7.5 2.3.1 2.8.1"
 ---> Using cache
 ---> 99287b9e5a80
Step 13/48 : ENV BG_MON_COMMIT=e22182e129ce357b5aa80090fba2aacfc42b1996     PG_AUTH_MON_COMMIT=52d90bbaa6d3c61195cd9532ebe036b1183808c5     PG_MON_COMMIT=54fbdcc3cfe7e2a626bd96dda644d9a0c6866b58     SET_USER=REL3_0_0     PLPROFILER=REL4_1     PG_PROFILE=0.3.6     PAM_OAUTH2=v1.0.1     PLANTUNER_COMMIT=800d81bc85da64ff3ef66e12aed1d4e1e54fc006     PG_PERMISSIONS_COMMIT=314b9359e3d77c0b2ef7dbbde97fa4be80e31925     PG_TM_AUX_COMMIT=6c012d38a4c1b0ba4a36952d60b0ce3a22ac9c3d
 ---> Using cache
 ---> 03da82e29e27
Step 14/48 : RUN ${PACKAGER} -y update && ${PACKAGER} -y install --nodocs         openssh-clients         openssh-server         shadow-utils         tar         bzip2         lz4         python3         python3-pip         python3-psycopg2         python3-psutil         python3-requests         python3-etcd         git         patchutils         binutils         make         cmake         gcc         curl         libcurl-devel         pam-devel         wget         mlocate         git-clang-format         openssl-devel         ccache         redhat-rpm-config         krb5-devel         busybox         dpkg     && ${PACKAGER} -y clean all;
 ---> Using cache
 ---> db5949aeb26a
Step 15/48 : RUN if [ "$BASEOS" = "ubi8" ] ; then 	${PACKAGER} -y install --nodocs 		pgbackrest-${PGBACKREST_VERSION} 		&& ${PACKAGER} -y clean all ; else 	${PACKAGER} -y install --nodocs  		--setopt=skip_missing_names_on_install=False         pgbackrest-${PGBACKREST_VERSION} 		&& ${PACKAGER} -y clean all ; fi
 ---> Using cache
 ---> c1f0029418f0
Step 16/48 : RUN ETCDVERSION=3.3.27     && curl -L https://github.com/coreos/etcd/releases/download/v${ETCDVERSION}/etcd-v${ETCDVERSION}-linux-$(dpkg --print-architecture).tar.gz     | tar xz -C /bin --strip=1 --wildcards --no-anchored --no-same-owner etcdctl etcd;
 ---> Using cache
 ---> 4f3b46acdfb0
Step 17/48 : RUN pip3 install 'PyYAML<6.0' setuptools pystache loader dumb-init kazoo meld3 boto
 ---> Using cache
 ---> 83455ad07096
Step 18/48 : RUN ${PACKAGER} -y install python3-etcd python3-consul                           python3-gevent python3-greenlet python3-cachetools                         python3-rsa python3-pyasn1-modules  python3-cffi     && ${PACKAGER} -y clean all;
 ---> Using cache
 ---> 0ea191404cf1
Step 19/48 : RUN pip3 install patroni[kubernetes$EXTRAS]==$PATRONI_VERSION
 ---> Using cache
 ---> 45605dba63b3
Step 20/48 : RUN mkdir /usr/lib/postgresql
 ---> Using cache
 ---> 29acddd2382e
Step 21/48 : ENV PATHBACKUP = $PATH
 ---> Using cache
 ---> 40b91ba6e13c
Step 22/48 : RUN git clone -b $PAM_OAUTH2 --recurse-submodules https://github.com/zalando-pg/pam-oauth2.git     && make -C pam-oauth2 install     && curl -sL https://github.com/zalando-pg/bg_mon/archive/$BG_MON_COMMIT.tar.gz | tar xz     && curl -sL https://github.com/zalando-pg/pg_auth_mon/archive/$PG_AUTH_MON_COMMIT.tar.gz | tar xz     && curl -sL https://github.com/cybertec-postgresql/pg_permissions/archive/$PG_PERMISSIONS_COMMIT.tar.gz | tar xz     && curl -sL https://github.com/x4m/pg_tm_aux/archive/$PG_TM_AUX_COMMIT.tar.gz | tar xz     && curl -sL https://github.com/zubkov-andrei/pg_profile/archive/$PG_PROFILE.tar.gz | tar xz     && git clone -b $SET_USER https://github.com/pgaudit/set_user.git     && git clone https://github.com/timescale/timescaledb.git     && git clone https://github.com/dimitri/pgextwlist.git     && git clone https://github.com/powa-team/pg_stat_kcache.git     && ${PACKAGER} -y install postgresql${PG_MAJOR} libevent-devel brotli-devel libbrotli     && ${PACKAGER} -y clean all    && for version in $PG_SUPPORTED_VERSIONS; do         ${PACKAGER} -y update &&         ${PACKAGER} -y install postgresql${version}-pltcl                             pgaudit1*_${version}             && ${PACKAGER} -y install -y postgresql${version}-contrib                     postgresql${version}-plpython3 postgresql${version}-devel                     pg_cron_${version}             && ln -s /usr/pgsql-$version /usr/lib/postgresql/$version             && export PATH=$PATHBACKUP:/usr/pgsql-$version/bin              && cd /timescaledb             && for v in $TIMESCALEDB; do                     git checkout $v                     && sed -i "s/VERSION 3.11/VERSION 3.10/" CMakeLists.txt                     && if BUILD_FORCE_REMOVE=true ./bootstrap -DREGRESS_CHECKS=OFF -DWARNINGS_AS_ERRORS=OFF                         -DTAP_CHECKS=OFF -DPG_CONFIG=/usr/pgsql-$version/bin/pg_config                         -DAPACHE_ONLY=$TIMESCALEDB_APACHE_ONLY -DSEND_TELEMETRY_DEFAULT=NO; then                             make -C build install                             && strip /usr/pgsql-$version/lib/timescaledb*.so;                     fi                     && git reset --hard                     && git clean -f -d;                 done             && cd ..             && for n in bg_mon-${BG_MON_COMMIT} pg_auth_mon-${PG_AUTH_MON_COMMIT} set_user pg_permissions-${PG_PERMISSIONS_COMMIT} pg_tm_aux-${PG_TM_AUX_COMMIT} pg_profile-${PG_PROFILE} $EXTRA_EXTENSIONS; do                 make -C $n USE_PGXS=1 clean install-strip;             done             && cd /pgextwlist && make && make install             && cd /pg_stat_kcache && make clean && make && make install         && ${PACKAGER} -y clean all;     done
 ---> Using cache
 ---> e5b4c221919f
Step 23/48 : RUN dnf -y install 'dnf-command(config-manager)'
 ---> Running in b689bf6f651a
Extra Packages for Enterprise Linux 9 - x86_64  3.9 MB/s |  12 MB     00:03    
PostgreSQL common RPMs for RHEL / Rocky 9 - x86 459 kB/s | 341 kB     00:00    
PostgreSQL 15 for RHEL / Rocky 9 - x86_64       215 kB/s | 159 kB     00:00    
PostgreSQL 14 for RHEL / Rocky 9 - x86_64       545 kB/s | 406 kB     00:00    
PostgreSQL 13 for RHEL / Rocky 9 - x86_64       477 kB/s | 384 kB     00:00    
PostgreSQL 12 for RHEL / Rocky 9 - x86_64       464 kB/s | 349 kB     00:00    
PostgreSQL 11 for RHEL / Rocky 9 - x86_64       485 kB/s | 350 kB     00:00    
PostgreSQL 10 for RHEL / Rocky 9 - x86_64       262 kB/s | 197 kB     00:00    
Rocky Linux 9 - BaseOS                          1.6 MB/s | 1.7 MB     00:01    
Rocky Linux 9 - AppStream                       3.1 MB/s | 6.4 MB     00:02    
Rocky Linux 9 - Extras                           11 kB/s | 7.7 kB     00:00    
Dependencies resolved.
================================================================================
 Package                       Arch        Version            Repository   Size
================================================================================
Installing:
 dnf-plugins-core              noarch      4.1.0-3.el9        baseos       33 k
Installing dependencies:
 python3-dateutil              noarch      1:2.8.1-6.el9      baseos      288 k
 python3-dbus                  x86_64      1.2.18-2.el9       baseos      132 k
 python3-dnf-plugins-core      noarch      4.1.0-3.el9        baseos      221 k

Transaction Summary
================================================================================
Install  4 Packages

Total download size: 674 k
Installed size: 2.1 M
Downloading Packages:
(1/4): dnf-plugins-core-4.1.0-3.el9.noarch.rpm   83 kB/s |  33 kB     00:00    
(2/4): python3-dbus-1.2.18-2.el9.x86_64.rpm     508 kB/s | 132 kB     00:00    
(3/4): python3-dateutil-2.8.1-6.el9.noarch.rpm  431 kB/s | 288 kB     00:00    
(4/4): python3-dnf-plugins-core-4.1.0-3.el9.noa 322 kB/s | 221 kB     00:00    
--------------------------------------------------------------------------------
Total                                           726 kB/s | 674 kB     00:00     
Running transaction check
Transaction check succeeded.
Running transaction test
Transaction test succeeded.
Running transaction
  Preparing        :                                                        1/1 
  Installing       : python3-dbus-1.2.18-2.el9.x86_64                       1/4 
  Installing       : python3-dateutil-1:2.8.1-6.el9.noarch                  2/4 
  Installing       : python3-dnf-plugins-core-4.1.0-3.el9.noarch            3/4 
  Installing       : dnf-plugins-core-4.1.0-3.el9.noarch                    4/4 
  Running scriptlet: dnf-plugins-core-4.1.0-3.el9.noarch                    4/4 
  Verifying        : python3-dnf-plugins-core-4.1.0-3.el9.noarch            1/4 
  Verifying        : dnf-plugins-core-4.1.0-3.el9.noarch                    2/4 
  Verifying        : python3-dateutil-1:2.8.1-6.el9.noarch                  3/4 
  Verifying        : python3-dbus-1.2.18-2.el9.x86_64                       4/4 

Installed:
  dnf-plugins-core-4.1.0-3.el9.noarch                                           
  python3-dateutil-1:2.8.1-6.el9.noarch                                         
  python3-dbus-1.2.18-2.el9.x86_64                                              
  python3-dnf-plugins-core-4.1.0-3.el9.noarch                                   

Complete!
Removing intermediate container b689bf6f651a
 ---> e217b916a86c
Step 24/48 : RUN dnf -y config-manager --set-enabled crb
 ---> Running in 0b028eb90dc5
Removing intermediate container 0b028eb90dc5
 ---> cd75e1ce4f5d
Step 25/48 : RUN dnf -y install glibc-devel glibc-static
 ---> Running in 35d65a448da3
Rocky Linux 9 - BaseOS                          8.9 kB/s | 3.6 kB     00:00    
Rocky Linux 9 - AppStream                        11 kB/s | 4.1 kB     00:00    
Rocky Linux 9 - CRB                             1.7 MB/s | 2.0 MB     00:01    
Package glibc-devel-2.34-40.el9.x86_64 is already installed.
Dependencies resolved.
================================================================================
 Package                  Architecture   Version              Repository   Size
================================================================================
Installing:
 glibc-static             x86_64         2.34-40.el9          crb         1.7 M
Installing dependencies:
 libxcrypt-static         x86_64         4.4.18-3.el9         crb         103 k

Transaction Summary
================================================================================
Install  2 Packages

Total download size: 1.8 M
Installed size: 25 M
Downloading Packages:
(1/2): libxcrypt-static-4.4.18-3.el9.x86_64.rpm 339 kB/s | 103 kB     00:00    
(2/2): glibc-static-2.34-40.el9.x86_64.rpm      2.1 MB/s | 1.7 MB     00:00    
--------------------------------------------------------------------------------
Total                                           1.7 MB/s | 1.8 MB     00:01     
Running transaction check
Transaction check succeeded.
Running transaction test
Transaction test succeeded.
Running transaction
  Preparing        :                                                        1/1 
  Installing       : glibc-static-2.34-40.el9.x86_64                        1/2 
  Installing       : libxcrypt-static-4.4.18-3.el9.x86_64                   2/2 
  Running scriptlet: libxcrypt-static-4.4.18-3.el9.x86_64                   2/2 
  Verifying        : libxcrypt-static-4.4.18-3.el9.x86_64                   1/2 
  Verifying        : glibc-static-2.34-40.el9.x86_64                        2/2 

Installed:
  glibc-static-2.34-40.el9.x86_64      libxcrypt-static-4.4.18-3.el9.x86_64     

Complete!
Removing intermediate container 35d65a448da3
 ---> ced3f9931d1d
Step 26/48 : RUN  mkdir /package && cd /package && wget http://smarden.org/runit/runit-2.1.2.tar.gz && tar -xvzf runit-2.1.2.tar.gz && rm runit-2.1.2.tar.gz && cd admin/runit-2.1.2 && package/install
 ---> Running in 65ab789fe9da
[91m--2022-12-16 10:26:10--  http://smarden.org/runit/runit-2.1.2.tar.gz
Resolving smarden.org (smarden.org)... [0m[91m185.56.128.75
Connecting to smarden.org (smarden.org)|185.56.128.75|:80... [0m[91mconnected.
HTTP request sent, awaiting response... [0m[91m200 OK
Length: 110916 (108K) [application/octet-stream]
[0m[91mSaving to: 'runit-2.1.2.tar.gz'
[0m[91m
     0K .......... .[0m[91m..[0m[91m....... .....[0m[91m..... ......[0m[91m.... ..[0m[91m........ 46% 1.01M 0s
    50K ........[0m[91m.. ...[0m[91m....... .....[0m[91m..... .......[0m[91m... ..[0m[91m......[0m[91m.. 92% 1.77M 0s
   100K ........[0m[91m                                              100% 7.65M=0.08s

2022-12-16 10:26:10 (1.37 MB/s) - 'runit-2.1.2.tar.gz' saved [110916/110916]

[0madmin/
admin/runit-2.1.2/
admin/runit-2.1.2/etc/
admin/runit-2.1.2/etc/2
admin/runit-2.1.2/etc/openbsd/
admin/runit-2.1.2/etc/openbsd/ctrlaltdel
admin/runit-2.1.2/etc/openbsd/getty-ttyC4/
admin/runit-2.1.2/etc/openbsd/getty-ttyC4/run
admin/runit-2.1.2/etc/openbsd/getty-ttyC4/finish
admin/runit-2.1.2/etc/openbsd/2
admin/runit-2.1.2/etc/openbsd/3
admin/runit-2.1.2/etc/openbsd/1
admin/runit-2.1.2/etc/debian/
admin/runit-2.1.2/etc/debian/ctrlaltdel
admin/runit-2.1.2/etc/debian/2
admin/runit-2.1.2/etc/debian/3
admin/runit-2.1.2/etc/debian/1
admin/runit-2.1.2/etc/debian/getty-tty5/
admin/runit-2.1.2/etc/debian/getty-tty5/run
admin/runit-2.1.2/etc/debian/getty-tty5/finish
admin/runit-2.1.2/etc/macosx/
admin/runit-2.1.2/etc/macosx/2
admin/runit-2.1.2/etc/macosx/org.smarden.runit.plist
admin/runit-2.1.2/etc/macosx/StartupItems/
admin/runit-2.1.2/etc/macosx/StartupItems/runit
admin/runit-2.1.2/etc/macosx/StartupItems/StartupParameters.plist
admin/runit-2.1.2/etc/freebsd/
admin/runit-2.1.2/etc/freebsd/ctrlaltdel
admin/runit-2.1.2/etc/freebsd/2
admin/runit-2.1.2/etc/freebsd/getty-ttyv4/
admin/runit-2.1.2/etc/freebsd/getty-ttyv4/run
admin/runit-2.1.2/etc/freebsd/getty-ttyv4/finish
admin/runit-2.1.2/etc/freebsd/3
admin/runit-2.1.2/etc/freebsd/1
admin/runit-2.1.2/man/
admin/runit-2.1.2/man/chpst.8
admin/runit-2.1.2/man/svlogd.8
admin/runit-2.1.2/man/runit.8
admin/runit-2.1.2/man/sv.8
admin/runit-2.1.2/man/runsvchdir.8
admin/runit-2.1.2/man/utmpset.8
admin/runit-2.1.2/man/runsv.8
admin/runit-2.1.2/man/runsvdir.8
admin/runit-2.1.2/man/runit-init.8
admin/runit-2.1.2/src/
admin/runit-2.1.2/src/wait.h
admin/runit-2.1.2/src/svlogd.check
admin/runit-2.1.2/src/check-dist
admin/runit-2.1.2/src/runit-init.c
admin/runit-2.1.2/src/print-ar.sh
admin/runit-2.1.2/src/hassgprm.h2
admin/runit-2.1.2/src/str_chr.c
admin/runit-2.1.2/src/x86cpuid.c
admin/runit-2.1.2/src/alloc.c
admin/runit-2.1.2/src/uint64.h2
admin/runit-2.1.2/src/uidgid.c
admin/runit-2.1.2/src/pmatch.h
admin/runit-2.1.2/src/taia.h
admin/runit-2.1.2/src/fifo.c
admin/runit-2.1.2/src/open_write.c
admin/runit-2.1.2/src/taia_approx.c
admin/runit-2.1.2/src/pmatch.c
admin/runit-2.1.2/src/seek_set.c
admin/runit-2.1.2/src/print-cc.sh
admin/runit-2.1.2/src/hasmkffo.h2
admin/runit-2.1.2/src/sv.c
admin/runit-2.1.2/src/buffer_1.c
admin/runit-2.1.2/src/alloc.h
admin/runit-2.1.2/src/iopause.h2
admin/runit-2.1.2/src/conf-ld
admin/runit-2.1.2/src/runsvchdir.c
admin/runit-2.1.2/src/TARGETS
admin/runit-2.1.2/src/ndelay_on.c
admin/runit-2.1.2/src/hassgact.h1
admin/runit-2.1.2/src/open.h
admin/runit-2.1.2/src/sig_catch.c
admin/runit-2.1.2/src/buffer_write.c
admin/runit-2.1.2/src/error.c
admin/runit-2.1.2/src/tryuwtmp.c
admin/runit-2.1.2/src/sgetopt.h
admin/runit-2.1.2/src/check-diff
admin/runit-2.1.2/src/sig_pause.c
admin/runit-2.1.2/src/hasflock.h2
admin/runit-2.1.2/src/runsv.dist
admin/runit-2.1.2/src/trysocketlib.c
admin/runit-2.1.2/src/buffer_read.c
admin/runit-2.1.2/src/utmpset.check
admin/runit-2.1.2/src/byte.h
admin/runit-2.1.2/src/fd.h
admin/runit-2.1.2/src/iopause.h1
admin/runit-2.1.2/src/runsvstat.c
admin/runit-2.1.2/src/open_trunc.c
admin/runit-2.1.2/src/taia_add.c
admin/runit-2.1.2/src/runit.check
admin/runit-2.1.2/src/fmt_uint.c
admin/runit-2.1.2/src/sv.check
admin/runit-2.1.2/src/strerr_die.c
admin/runit-2.1.2/src/openreadclose.h
admin/runit-2.1.2/src/lock_ex.c
admin/runit-2.1.2/src/ndelay.h
admin/runit-2.1.2/src/taia_less.c
admin/runit-2.1.2/src/select.h2
admin/runit-2.1.2/src/strerr.h
admin/runit-2.1.2/src/runsvstat.dist
admin/runit-2.1.2/src/sig.c
admin/runit-2.1.2/src/trysysel.c
admin/runit-2.1.2/src/tai_now.c
admin/runit-2.1.2/src/tai_pack.c
admin/runit-2.1.2/src/stralloc_eady.c
admin/runit-2.1.2/src/fmt_ptime.c
admin/runit-2.1.2/src/buffer.h
admin/runit-2.1.2/src/byte_chr.c
admin/runit-2.1.2/src/svlogd.c
admin/runit-2.1.2/src/fmt_uint0.c
admin/runit-2.1.2/src/svwaitup.check
admin/runit-2.1.2/src/error_str.c
admin/runit-2.1.2/src/uw_tmp.h1
admin/runit-2.1.2/src/haswaitp.h2
admin/runit-2.1.2/src/readclose.c
admin/runit-2.1.2/src/uw_tmp.h2
admin/runit-2.1.2/src/runsv.c
admin/runit-2.1.2/src/tryflock.c
admin/runit-2.1.2/src/str.h
admin/runit-2.1.2/src/buffer.c
admin/runit-2.1.2/src/runit.c
admin/runit-2.1.2/src/chpst.check
admin/runit-2.1.2/src/hasshsgr.h1
admin/runit-2.1.2/src/stralloc_cat.c
admin/runit-2.1.2/src/hassgact.h2
admin/runit-2.1.2/src/str_diff.c
admin/runit-2.1.2/src/fmt.h
admin/runit-2.1.2/src/stralloc.h
admin/runit-2.1.2/src/find-systype.sh
admin/runit-2.1.2/src/stralloc_opys.c
admin/runit-2.1.2/src/buffer_put.c
admin/runit-2.1.2/src/taia_now.c
admin/runit-2.1.2/src/prot.h
admin/runit-2.1.2/src/lock_exnb.c
admin/runit-2.1.2/src/runsvctrl.dist
admin/runit-2.1.2/src/sig.h
admin/runit-2.1.2/src/stralloc_pend.c
admin/runit-2.1.2/src/tryulong64.c
admin/runit-2.1.2/src/open_read.c
admin/runit-2.1.2/src/fmt_ulong.c
admin/runit-2.1.2/src/svwaitdown.dist
admin/runit-2.1.2/src/trywaitp.c
admin/runit-2.1.2/src/subgetopt.h
admin/runit-2.1.2/src/taia_frac.c
admin/runit-2.1.2/src/tai.h
admin/runit-2.1.2/src/iopause.c
admin/runit-2.1.2/src/svwaitdown.check
admin/runit-2.1.2/src/subgetopt.c
admin/runit-2.1.2/src/buffer_get.c
admin/runit-2.1.2/src/utmpset.c
admin/runit-2.1.2/src/runsvctrl.check
admin/runit-2.1.2/src/hassgprm.h1
admin/runit-2.1.2/src/gen_alloc.h
admin/runit-2.1.2/src/fd_copy.c
admin/runit-2.1.2/src/chpst.c
admin/runit-2.1.2/src/runsvdir.dist
admin/runit-2.1.2/src/gen_allocdefs.h
admin/runit-2.1.2/src/check-local
admin/runit-2.1.2/src/openreadclose.c
admin/runit-2.1.2/src/Makefile
admin/runit-2.1.2/src/byte_rchr.c
admin/runit-2.1.2/src/trysgprm.c
admin/runit-2.1.2/src/buffer_0.c
admin/runit-2.1.2/src/conf-cc
admin/runit-2.1.2/src/trymkffo.c
admin/runit-2.1.2/src/choose.sh
admin/runit-2.1.2/src/runsvstat.check
admin/runit-2.1.2/src/runsvdir.c
admin/runit-2.1.2/src/select.h1
admin/runit-2.1.2/src/sgetopt.c
admin/runit-2.1.2/src/svwaitup.c
admin/runit-2.1.2/src/runit.dist
admin/runit-2.1.2/src/sv.dist
admin/runit-2.1.2/src/tryreboot.c
admin/runit-2.1.2/src/runit-init.dist
admin/runit-2.1.2/src/warn-shsgr
admin/runit-2.1.2/src/chpst.dist
admin/runit-2.1.2/src/readclose.h
admin/runit-2.1.2/src/pathexec_run.c
admin/runit-2.1.2/src/svwaitup.dist
admin/runit-2.1.2/src/runsvchdir.dist
admin/runit-2.1.2/src/seek.h
admin/runit-2.1.2/src/uint64.h1
admin/runit-2.1.2/src/runsvctrl.c
admin/runit-2.1.2/src/stralloc_opyb.c
admin/runit-2.1.2/src/direntry.h1
admin/runit-2.1.2/src/env.h
admin/runit-2.1.2/src/scan.h
admin/runit-2.1.2/src/prot.c
admin/runit-2.1.2/src/wait_pid.c
admin/runit-2.1.2/src/scan_ulong.c
admin/runit-2.1.2/src/strerr_sys.c
admin/runit-2.1.2/src/hasmkffo.h1
admin/runit-2.1.2/src/runsvchdir.check
admin/runit-2.1.2/src/tryuwtmpx.c
admin/runit-2.1.2/src/chkshsgr.c
admin/runit-2.1.2/src/utmpset.dist
admin/runit-2.1.2/src/uidgid.h
admin/runit-2.1.2/src/alloc_re.c
admin/runit-2.1.2/src/tryshsgr.c
admin/runit-2.1.2/src/byte_copy.c
admin/runit-2.1.2/src/str_len.c
admin/runit-2.1.2/src/runsv.check
admin/runit-2.1.2/src/coe.h
admin/runit-2.1.2/src/env.c
admin/runit-2.1.2/src/stralloc_catb.c
admin/runit-2.1.2/src/tai_unpack.c
admin/runit-2.1.2/src/hasflock.h1
admin/runit-2.1.2/src/trysgact.c
admin/runit-2.1.2/src/runit-init.check
admin/runit-2.1.2/src/warn-auto.sh
admin/runit-2.1.2/src/sig_block.c
admin/runit-2.1.2/src/lock.h
admin/runit-2.1.2/src/pathexec_env.c
admin/runit-2.1.2/src/svwaitdown.c
admin/runit-2.1.2/src/trydrent.c
admin/runit-2.1.2/src/reboot_system.h1
admin/runit-2.1.2/src/stralloc_cats.c
admin/runit-2.1.2/src/direntry.h2
admin/runit-2.1.2/src/open_append.c
admin/runit-2.1.2/src/wait_nohang.c
admin/runit-2.1.2/src/runsvdir.check
admin/runit-2.1.2/src/taia_uint.c
admin/runit-2.1.2/src/byte_diff.c
admin/runit-2.1.2/src/tai_sub.c
admin/runit-2.1.2/src/runit.h
admin/runit-2.1.2/src/taia_sub.c
admin/runit-2.1.2/src/fmt_ptime.h
admin/runit-2.1.2/src/buffer_2.c
admin/runit-2.1.2/src/taia_pack.c
admin/runit-2.1.2/src/fd_move.c
admin/runit-2.1.2/src/hasshsgr.h2
admin/runit-2.1.2/src/byte_cr.c
admin/runit-2.1.2/src/trycpp.c
admin/runit-2.1.2/src/trypoll.c
admin/runit-2.1.2/src/pathexec.h
admin/runit-2.1.2/src/print-ld.sh
admin/runit-2.1.2/src/coe.c
admin/runit-2.1.2/src/fifo.h
admin/runit-2.1.2/src/haswaitp.h1
admin/runit-2.1.2/src/ndelay_off.c
admin/runit-2.1.2/src/reboot_system.h2
admin/runit-2.1.2/src/svlogd.dist
admin/runit-2.1.2/src/error.h
admin/runit-2.1.2/src/str_start.c
admin/runit-2.1.2/package/
admin/runit-2.1.2/package/compile
admin/runit-2.1.2/package/CHANGES
admin/runit-2.1.2/package/upgrade
admin/runit-2.1.2/package/sharing
admin/runit-2.1.2/package/install
admin/runit-2.1.2/package/commands
admin/runit-2.1.2/package/README
admin/runit-2.1.2/package/COPYING
admin/runit-2.1.2/package/TODO
admin/runit-2.1.2/package/versions
admin/runit-2.1.2/package/THANKS
admin/runit-2.1.2/package/check
admin/runit-2.1.2/package/install-man
admin/runit-2.1.2/doc/
admin/runit-2.1.2/doc/utmpset.8.html
admin/runit-2.1.2/doc/dependencies.html
admin/runit-2.1.2/doc/runlevels.html
admin/runit-2.1.2/doc/chpst.8.html
admin/runit-2.1.2/doc/index.html
admin/runit-2.1.2/doc/replaceinit.html
admin/runit-2.1.2/doc/runsvdir.8.html
admin/runit-2.1.2/doc/runsvchdir.8.html
admin/runit-2.1.2/doc/faq.html
admin/runit-2.1.2/doc/svlogd.8.html
admin/runit-2.1.2/doc/upgrade.html
admin/runit-2.1.2/doc/runit.8.html
admin/runit-2.1.2/doc/debian
admin/runit-2.1.2/doc/useinit.html
admin/runit-2.1.2/doc/benefits.html
admin/runit-2.1.2/doc/runscripts.html
admin/runit-2.1.2/doc/sv.8.html
admin/runit-2.1.2/doc/runit-init.8.html
admin/runit-2.1.2/doc/usedietlibc.html
admin/runit-2.1.2/doc/install.html
admin/runit-2.1.2/doc/runsv.8.html
Linking ./src/* into ./compile...
Compiling everything in ./compile...
[91m+ cd compile
+ exec make
[0msh find-systype.sh > systype
rm -f compile
sh print-cc.sh > compile
chmod 555 compile
rm -f choose
cat warn-auto.sh choose.sh \
> choose
chmod 555 choose
./choose c trydrent direntry.h1 direntry.h2 > direntry.h
rm -f load
sh print-ld.sh > load
chmod 555 load
./choose cl tryflock hasflock.h1 hasflock.h2 > hasflock.h
./choose cl trymkffo hasmkffo.h1 hasmkffo.h2 > hasmkffo.h
./choose cl trysgact hassgact.h1 hassgact.h2 > hassgact.h
./choose cl trysgprm hassgprm.h1 hassgprm.h2 > hassgprm.h
./compile chkshsgr.c
[91mchkshsgr.c: In function 'main':
chkshsgr.c:10:19: warning: passing argument 2 of 'getgroups' from incompatible pointer type [-Wincompatible-pointer-types]
   10 |   if (getgroups(1,x) == 0) if (setgroups(1,x) == -1) _exit(1);
      |                   ^
      |                   |
      |                   short int *
In file included from chkshsgr.c:3:
/usr/include/unistd.h:711:43: note: expected '__gid_t *' {aka 'unsigned int *'} but argument is of type 'short int *'
  711 | extern int getgroups (int __size, __gid_t __list[]) __THROW __wur
      |                                   ~~~~~~~~^~~~~~~~
[0m[91mchkshsgr.c:10:32: warning: implicit declaration of function 'setgroups'; did you mean 'getgroups'? [-Wimplicit-function-declaration]
   10 |   if (getgroups(1,x) == 0) if (setgroups(1,x) == -1) _exit(1);
      |                                ^~~~~~~~~
      |                                getgroups
[0m./load chkshsgr 
./chkshsgr || ( cat warn-shsgr; exit 1 )
./choose clr tryshsgr hasshsgr.h1 hasshsgr.h2 > hasshsgr.h
./choose cl trywaitp haswaitp.h1 haswaitp.h2 > haswaitp.h
./choose clr trypoll iopause.h1 iopause.h2 > iopause.h
./choose c trysysel select.h1 select.h2 > select.h
./choose clr tryulong64 uint64.h1 uint64.h2 > uint64.h
./choose c tryreboot reboot_system.h1 reboot_system.h2 > \
  reboot_system.h
( ./compile tryuwtmpx.c 2>/dev/null && cat uw_tmp.h2 >uw_tmp.h ) || \
( ./compile tryuwtmp.c 2>/dev/null && cat uw_tmp.h1 >uw_tmp.h )
rm -f tryuwtmp.o tryuwtmpx.o
./compile trysocketlib.c
( ./load trysocketlib >/dev/null 2>&1 || \
  ( ./load trysocketlib -lxnet >/dev/null 2>&1 && echo '-lxnet' ) || \
  ( ./load trysocketlib -lsocket -lnsl >/dev/null 2>&1 && \
    echo '-lsocket -lnsl' ) \
) >socket.lib
rm -f trysocketlib.o trysocketlib
rm -f sysdeps
cat systype compile load socket.lib >>sysdeps
grep sysdep direntry.h >>sysdeps
grep sysdep haswaitp.h >>sysdeps
grep sysdep hassgact.h >>sysdeps
grep sysdep hassgprm.h >>sysdeps
grep sysdep select.h >>sysdeps
grep sysdep uint64.h >>sysdeps
grep sysdep iopause.h >>sysdeps
grep sysdep hasmkffo.h >>sysdeps
grep sysdep hasflock.h >>sysdeps
grep sysdep hasshsgr.h >>sysdeps
grep sysdep reboot_system.h >>sysdeps
grep sysdep uw_tmp.h >>sysdeps
cat sysdeps
linux-6.0.11-1-manjaro-:-:-:authenticamd-00860f81-178bfbff-:-
#!/bin/sh
# WARNING: This file was auto-generated. Do not edit!
exec gcc -O2 -Wall -c ${1+"$@"}
#!/bin/sh
# WARNING: This file was auto-generated. Do not edit!
main="$1"; shift
exec gcc -s -o "$main" "$main".o ${1+"$@"}
/* sysdep: +dirent */
/* sysdep: +waitpid */
/* sysdep: +sigaction */
/* sysdep: +sigprocmask */
/* sysdep: +sysselect */
/* sysdep: +ulong64 */
/* sysdep: +poll */
/* sysdep: +mkfifo */
/* sysdep: +flock */
/* sysdep: -shortsetgroups */
/* sysdep: +std reboot */
/* sysdep: -utmpx */
./compile chpst.c
[91mchpst.c: In function 'suidgid':
chpst.c:80:7: warning: implicit declaration of function 'setgroups'; did you mean 'getgroups'? [-Wimplicit-function-declaration]
   80 |   if (setgroups(ugid.gids, ugid.gid) == -1) fatal("unable to setgroups");
      |       ^~~~~~~~~
      |       getgroups
[0m[91mchpst.c: In function 'main':
chpst.c:311:33: warning: operation on 'subgetoptarg' may be undefined [-Wsequence-point]
  311 |           if (optarg[scan_ulong(++optarg, &ul)]) usage(); nicelvl =ul;
[0m[91mchpst.c:311:11: warning: this 'if' clause does not guard... [-Wmisleading-indentation]
  311 |           if (optarg[scan_ulong(++optarg, &ul)]) usage(); nicelvl =ul;
      |           ^~
chpst.c:311:59: note: ...this statement, but the latter is misleadingly indented as if it were guarded by the 'if'
  311 |           if (optarg[scan_ulong(++optarg, &ul)]) usage(); nicelvl =ul;
      |                                                           ^~~~~~~
[0m[91mchpst.c:316:11: warning: this 'if' clause does not guard... [-Wmisleading-indentation]
  316 |           if (optarg[scan_ulong(optarg, &ul)]) usage(); nicelvl =ul;
      |           ^~
chpst.c:316:57: note: ...this statement, but the latter is misleadingly indented as if it were guarded by the 'if'
  316 |           if (optarg[scan_ulong(optarg, &ul)]) usage(); nicelvl =ul;
      |                                                         ^~~~~~~
[0m./compile uidgid.c
./compile alloc.c
./compile alloc_re.c
./compile buffer.c
./compile buffer_0.c
./compile buffer_1.c
./compile buffer_2.c
./compile buffer_get.c
./compile buffer_put.c
./compile buffer_read.c
./compile buffer_write.c
./compile coe.c
./compile env.c
./compile error.c
./compile error_str.c
./compile fd_copy.c
./compile fd_move.c
./compile fifo.c
./compile lock_ex.c
./compile lock_exnb.c
rm -f makelib
sh print-ar.sh > makelib
chmod 555 makelib
./compile ndelay_off.c
./compile ndelay_on.c
./compile open_append.c
./compile open_read.c
./compile open_trunc.c
./compile open_write.c
./compile openreadclose.c
./compile pathexec_env.c
./compile pathexec_run.c
[91mpathexec_run.c: In function 'pathexec_run':
pathexec_run.c:18:5: warning: implicit declaration of function 'execve' [-Wimplicit-function-declaration]
   18 |     execve(file,argv,envp);
      |     ^~~~~~
pathexec_run.c:18:17: warning: passing argument 2 of 'execve' from incompatible pointer type [-Wincompatible-pointer-types]
   18 |     execve(file,argv,envp);
      |                 ^~~~
      |                 |
      |                 const char * const*
pathexec_run.c:18:17: note: expected 'char * const*' but argument is of type 'const char * const*'
pathexec_run.c:18:22: warning: passing argument 3 of 'execve' from incompatible pointer type [-Wincompatible-pointer-types]
   18 |     execve(file,argv,envp);
      |                      ^~~~
      |                      |
      |                      const char * const*
pathexec_run.c:18:22: note: expected 'char * const*' but argument is of type 'const char * const*'
[0m[91mpathexec_run.c:35:18: warning: passing argument 2 of 'execve' from incompatible pointer type [-Wincompatible-pointer-types]
   35 |     execve(tmp.s,argv,envp);
      |                  ^~~~
      |                  |
      |                  const char * const*
pathexec_run.c:35:18: note: expected 'char * const*' but argument is of type 'const char * const*'
pathexec_run.c:35:23: warning: passing argument 3 of 'execve' from incompatible pointer type [-Wincompatible-pointer-types]
   35 |     execve(tmp.s,argv,envp);
      |                       ^~~~
      |                       |
      |                       const char * const*
pathexec_run.c:35:23: note: expected 'char * const*' but argument is of type 'const char * const*'
[0m./compile prot.c
[91mprot.c: In function 'prot_gid':
prot.c:13:7: warning: implicit declaration of function 'setgroups' [-Wimplicit-function-declaration]
   13 |   if (setgroups(1,&gid) == -1) return -1;
      |       ^~~~~~~~~
[0m[91mprot.c:15:10: warning: implicit declaration of function 'setgid' [-Wimplicit-function-declaration]
   15 |   return setgid(gid); /* _should_ be redundant, but on some systems it isn't */
      |          ^~~~~~
[0m[91mprot.c: In function 'prot_uid':
prot.c:20:10: warning: implicit declaration of function 'setuid' [-Wimplicit-function-declaration]
   20 |   return setuid(uid);
      |          ^~~~~~
[0m./compile readclose.c
./compile seek_set.c
[91mseek_set.c: In function 'seek_set':
seek_set.c:9:7: warning: implicit declaration of function 'lseek' [-Wimplicit-function-declaration]
    9 | { if (lseek(fd,(off_t) pos,SET) == -1) return -1; return 0; }
      |       ^~~~~
[0m./compile sgetopt.c
./compile sig.c
./compile sig_block.c
./compile sig_catch.c
./compile sig_pause.c
./compile stralloc_cat.c
./compile stralloc_catb.c
./compile stralloc_cats.c
./compile stralloc_eady.c
./compile stralloc_opyb.c
./compile stralloc_opys.c
./compile stralloc_pend.c
./compile strerr_die.c
./compile strerr_sys.c
./compile subgetopt.c
./compile wait_nohang.c
./compile wait_pid.c
./makelib unix.a alloc.o alloc_re.o buffer.o buffer_0.o buffer_1.o \
buffer_2.o buffer_get.o buffer_put.o buffer_read.o buffer_write.o \
coe.o env.o error.o error_str.o fd_copy.o fd_move.o fifo.o lock_ex.o \
lock_exnb.o ndelay_off.o ndelay_on.o open_append.o open_read.o \
open_trunc.o open_write.o openreadclose.o pathexec_env.o \
pathexec_run.o prot.o readclose.o seek_set.o sgetopt.o sig.o \
sig_block.o sig_catch.o sig_pause.o stralloc_cat.o stralloc_catb.o \
stralloc_cats.o stralloc_eady.o stralloc_opyb.o stralloc_opys.o \
stralloc_pend.o strerr_die.o strerr_sys.o subgetopt.o wait_nohang.o \
wait_pid.o
./compile byte_chr.c
[91mbyte_chr.c: In function 'byte_chr':
byte_chr.c:16:5: warning: this 'if' clause does not guard... [-Wmisleading-indentation]
   16 |     if (!n) break; if (*t == ch) break; ++t; --n;
      |     ^~
byte_chr.c:16:20: note: ...this statement, but the latter is misleadingly indented as if it were guarded by the 'if'
   16 |     if (!n) break; if (*t == ch) break; ++t; --n;
      |                    ^~
byte_chr.c:17:5: warning: this 'if' clause does not guard... [-Wmisleading-indentation]
   17 |     if (!n) break; if (*t == ch) break; ++t; --n;
      |     ^~
byte_chr.c:17:20: note: ...this statement, but the latter is misleadingly indented as if it were guarded by the 'if'
   17 |     if (!n) break; if (*t == ch) break; ++t; --n;
      |                    ^~
byte_chr.c:18:5: warning: this 'if' clause does not guard... [-Wmisleading-indentation]
   18 |     if (!n) break; if (*t == ch) break; ++t; --n;
      |     ^~
byte_chr.c:18:20: note: ...this statement, but the latter is misleadingly indented as if it were guarded by the 'if'
   18 |     if (!n) break; if (*t == ch) break; ++t; --n;
      |                    ^~
[0m[91mbyte_chr.c:19:5: warning: this 'if' clause does not guard... [-Wmisleading-indentation]
   19 |     if (!n) break; if (*t == ch) break; ++t; --n;
      |     ^~
byte_chr.c:19:20: note: ...this statement, but the latter is misleadingly indented as if it were guarded by the 'if'
   19 |     if (!n) break; if (*t == ch) break; ++t; --n;
      |                    ^~
[0m./compile byte_copy.c
[91mbyte_copy.c: In function 'byte_copy':
byte_copy.c:11:5: warning: this 'if' clause does not guard... [-Wmisleading-indentation]
   11 |     if (!n) return; *to++ = *from++; --n;
      |     ^~
byte_copy.c:11:21: note: ...this statement, but the latter is misleadingly indented as if it were guarded by the 'if'
   11 |     if (!n) return; *to++ = *from++; --n;
      |                     ^
byte_copy.c:12:5: warning: this 'if' clause does not guard... [-Wmisleading-indentation]
   12 |     if (!n) return; *to++ = *from++; --n;
      |     ^~
byte_copy.c:12:21: note: ...this statement, but the latter is misleadingly indented as if it were guarded by the 'if'
   12 |     if (!n) return; *to++ = *from++; --n;
      |                     ^
byte_copy.c:13:5: warning: this 'if' clause does not guard... [-Wmisleading-indentation]
   13 |     if (!n) return; *to++ = *from++; --n;
      |     ^~
byte_copy.c:13:21: note: ...this statement, but the latter is misleadingly indented as if it were guarded by the 'if'
   13 |     if (!n) return; *to++ = *from++; --n;
      |                     ^
byte_copy.c:14:5: warning: this 'if' clause does not guard... [-Wmisleading-indentation]
   14 |     if (!n) return; *to++ = *from++; --n;
      |     ^~
[0m[91mbyte_copy.c:14:21: note: ...this statement, but the latter is misleadingly indented as if it were guarded by the 'if'
   14 |     if (!n) return; *to++ = *from++; --n;
      |                     ^
[0m./compile byte_cr.c
[91mbyte_cr.c: In function 'byte_copyr':
byte_cr.c:13:5: warning: this 'if' clause does not guard... [-Wmisleading-indentation]
   13 |     if (!n) return; *--to = *--from; --n;
      |     ^~
byte_cr.c:13:21: note: ...this statement, but the latter is misleadingly indented as if it were guarded by the 'if'
   13 |     if (!n) return; *--to = *--from; --n;
      |                     ^
byte_cr.c:14:5: warning: this 'if' clause does not guard... [-Wmisleading-indentation]
   14 |     if (!n) return; *--to = *--from; --n;
      |     ^~
byte_cr.c:14:21: note: ...this statement, but the latter is misleadingly indented as if it were guarded by the 'if'
   14 |     if (!n) return; *--to = *--from; --n;
      |                     ^
byte_cr.c:15:5: warning: this 'if' clause does not guard... [-Wmisleading-indentation]
   15 |     if (!n) return; *--to = *--from; --n;
      |     ^~
byte_cr.c:15:21: note: ...this statement, but the latter is misleadingly indented as if it were guarded by the 'if'
   15 |     if (!n) return; *--to = *--from; --n;
      |                     ^
byte_cr.c:16:5: warning: this 'if' clause does not guard... [-Wmisleading-indentation]
   16 |     if (!n) return; *--to = *--from; --n;
      |     ^~
byte_cr.c:16:21: note: ...this statement, but the latter is misleadingly indented as if it were guarded by the 'if'
   16 |     if (!n) return; *--to = *--from; --n;
      |                     ^
[0m./compile byte_diff.c
[91mbyte_diff.c: In function 'byte_diff':
byte_diff.c:11:5: warning: this 'if' clause does not guard... [-Wmisleading-indentation]
   11 |     if (!n) return 0; if (*s != *t) break; ++s; ++t; --n;
      |     ^~
byte_diff.c:11:23: note: ...this statement, but the latter is misleadingly indented as if it were guarded by the 'if'
   11 |     if (!n) return 0; if (*s != *t) break; ++s; ++t; --n;
      |                       ^~
[0m[91mbyte_diff.c:12:5: warning: this 'if' clause does not guard... [-Wmisleading-indentation]
   12 |     if (!n) return 0; if (*s != *t) break; ++s; ++t; --n;
      |     ^~
byte_diff.c:12:23: note: ...this statement, but the latter is misleadingly indented as if it were guarded by the 'if'
   12 |     if (!n) return 0; if (*s != *t) break; ++s; ++t; --n;
      |                       ^~
byte_diff.c:13:5: warning: this 'if' clause does not guard... [-Wmisleading-indentation]
   13 |     if (!n) return 0; if (*s != *t) break; ++s; ++t; --n;
      |     ^~
byte_diff.c:13:23: note: ...this statement, but the latter is misleadingly indented as if it were guarded by the 'if'
   13 |     if (!n) return 0; if (*s != *t) break; ++s; ++t; --n;
      |                       ^~
byte_diff.c:14:5: warning: this 'if' clause does not guard... [-Wmisleading-indentation]
   14 |     if (!n) return 0; if (*s != *t) break; ++s; ++t; --n;
      |     ^~
byte_diff.c:14:23: note: ...this statement, but the latter is misleadingly indented as if it were guarded by the 'if'
   14 |     if (!n) return 0; if (*s != *t) break; ++s; ++t; --n;
      |                       ^~
[0m./compile byte_rchr.c
[91mbyte_rchr.c: In function 'byte_rchr':
byte_rchr.c:18:5: warning: this 'if' clause does not guard... [-Wmisleading-indentation]
   18 |     if (!n) break; if (*t == ch) u = t; ++t; --n;
      |     ^~
byte_rchr.c:18:20: note: ...this statement, but the latter is misleadingly indented as if it were guarded by the 'if'
   18 |     if (!n) break; if (*t == ch) u = t; ++t; --n;
      |                    ^~
byte_rchr.c:19:5: warning: this 'if' clause does not guard... [-Wmisleading-indentation]
   19 |     if (!n) break; if (*t == ch) u = t; ++t; --n;
      |     ^~
byte_rchr.c:19:20: note: ...this statement, but the latter is misleadingly indented as if it were guarded by the 'if'
   19 |     if (!n) break; if (*t == ch) u = t; ++t; --n;
      |                    ^~
byte_rchr.c:20:5: warning: this 'if' clause does not guard... [-Wmisleading-indentation]
   20 |     if (!n) break; if (*t == ch) u = t; ++t; --n;
      |     ^~
byte_rchr.c:20:20: note: ...this statement, but the latter is misleadingly indented as if it were guarded by the 'if'
   20 |     if (!n) break; if (*t == ch) u = t; ++t; --n;
      |                    ^~
byte_rchr.c:21:5: warning: this 'if' clause does not guard... [-Wmisleading-indentation]
   21 |     if (!n) break; if (*t == ch) u = t; ++t; --n;
      |     ^~
byte_rchr.c:21:20: note: ...this statement, but the latter is misleadingly indented as if it were guarded by the 'if'
   21 |     if (!n) break; if (*t == ch) u = t; ++t; --n;
      |                    ^~
[0m./compile fmt_uint.c
./compile fmt_uint0.c
./compile fmt_ulong.c
./compile scan_ulong.c
./compile str_chr.c
[91mstr_chr.c: In function 'str_chr':
str_chr.c:13:5: warning: this 'if' clause does not guard... [-Wmisleading-indentation]
   13 |     if (!*t) break; if (*t == ch) break; ++t;
      |     ^~
str_chr.c:13:21: note: ...this statement, but the latter is misleadingly indented as if it were guarded by the 'if'
   13 |     if (!*t) break; if (*t == ch) break; ++t;
      |                     ^~
str_chr.c:14:5: warning: this 'if' clause does not guard... [-Wmisleading-indentation]
   14 |     if (!*t) break; if (*t == ch) break; ++t;
      |     ^~
str_chr.c:14:21: note: ...this statement, but the latter is misleadingly indented as if it were guarded by the 'if'
   14 |     if (!*t) break; if (*t == ch) break; ++t;
      |                     ^~
str_chr.c:15:5: warning: this 'if' clause does not guard... [-Wmisleading-indentation]
   15 |     if (!*t) break; if (*t == ch) break; ++t;
      |     ^~
str_chr.c:15:21: note: ...this statement, but the latter is misleadingly indented as if it were guarded by the 'if'
   15 |     if (!*t) break; if (*t == ch) break; ++t;
      |                     ^~
str_chr.c:16:5: warning: this 'if' clause does not guard... [-Wmisleading-indentation]
   16 |     if (!*t) break; if (*t == ch) break; ++t;
      |     ^~
str_chr.c:16:21: note: ...this statement, but the latter is misleadingly indented as if it were guarded by the 'if'
   16 |     if (!*t) break; if (*t == ch) break; ++t;
      |                     ^~
[0m./compile str_diff.c
./compile str_len.c
[91mstr_len.c: In function 'str_len':
str_len.c:11:5: warning: this 'if' clause does not guard... [-Wmisleading-indentation]
   11 |     if (!*t) return t - s; ++t;
      |     ^~
str_len.c:11:28: note: ...this statement, but the latter is misleadingly indented as if it were guarded by the 'if'
   11 |     if (!*t) return t - s; ++t;
      |                            ^~
str_len.c:12:5: warning: this 'if' clause does not guard... [-Wmisleading-indentation]
   12 |     if (!*t) return t - s; ++t;
      |     ^~
str_len.c:12:28: note: ...this statement, but the latter is misleadingly indented as if it were guarded by the 'if'
   12 |     if (!*t) return t - s; ++t;
      |                            ^~
[0m[91mstr_len.c:13:5: warning: this 'if' clause does not guard... [-Wmisleading-indentation]
   13 |     if (!*t) return t - s; ++t;
      |     ^~
str_len.c:13:28: note: ...this statement, but the latter is misleadingly indented as if it were guarded by the 'if'
   13 |     if (!*t) return t - s; ++t;
      |                            ^~
str_len.c:14:5: warning: this 'if' clause does not guard... [-Wmisleading-indentation]
   14 |     if (!*t) return t - s; ++t;
      |     ^~
str_len.c:14:28: note: ...this statement, but the latter is misleadingly indented as if it were guarded by the 'if'
   14 |     if (!*t) return t - s; ++t;
      |                            ^~
[0m./compile str_start.c
./makelib byte.a byte_chr.o byte_copy.o byte_cr.o byte_diff.o \
byte_rchr.o fmt_uint.o fmt_uint0.o fmt_ulong.o scan_ulong.o str_chr.o \
str_diff.o str_len.o str_start.o
./load chpst uidgid.o unix.a byte.a
./compile runit.c
./load runit unix.a byte.a -static
./compile runit-init.c
./load runit-init unix.a byte.a -static
./compile runsv.c
./compile iopause.c
./compile tai_now.c
./compile tai_pack.c
./compile tai_sub.c
./compile tai_unpack.c
./compile taia_add.c
./compile taia_approx.c
./compile taia_frac.c
./compile taia_less.c
./compile taia_now.c
./compile taia_pack.c
./compile taia_sub.c
./compile taia_uint.c
./makelib time.a iopause.o tai_now.o tai_pack.o tai_sub.o \
tai_unpack.o taia_add.o taia_approx.o taia_frac.o taia_less.o \
taia_now.o taia_pack.o taia_sub.o taia_uint.o
./load runsv unix.a byte.a time.a
./compile runsvchdir.c
./load runsvchdir unix.a byte.a
./compile runsvdir.c
./load runsvdir unix.a byte.a time.a
./compile sv.c
[91msv.c: In function 'main':
sv.c:293:3: warning: this 'if' clause does not guard... [-Wmisleading-indentation]
  293 |   if (!(action =*argv++)) usage(); --argc;
      |   ^~
sv.c:293:36: note: ...this statement, but the latter is misleadingly indented as if it were guarded by the 'if'
  293 |   if (!(action =*argv++)) usage(); --argc;
      |                                    ^~
[0m./load sv unix.a byte.a time.a
./compile svlogd.c
[91msvlogd.c: In function 'ip4_scan':
svlogd.c:394:3: warning: this 'if' clause does not guard... [-Wmisleading-indentation]
  394 |   if (*s != '.') return 0; ++s; ++len;
      |   ^~
svlogd.c:394:28: note: ...this statement, but the latter is misleadingly indented as if it were guarded by the 'if'
  394 |   if (*s != '.') return 0; ++s; ++len;
      |                            ^~
[0m[91msvlogd.c:396:3: warning: this 'if' clause does not guard... [-Wmisleading-indentation]
  396 |   if (*s != '.') return 0; ++s; ++len;
      |   ^~
svlogd.c:396:28: note: ...this statement, but the latter is misleadingly indented as if it were guarded by the 'if'
  396 |   if (*s != '.') return 0; ++s; ++len;
      |                            ^~
[0m[91msvlogd.c:398:3: warning: this 'if' clause does not guard... [-Wmisleading-indentation]
  398 |   if (*s != '.') return 0; ++s; ++len;
      |   ^~
svlogd.c:398:28: note: ...this statement, but the latter is misleadingly indented as if it were guarded by the 'if'
  398 |   if (*s != '.') return 0; ++s; ++len;
      |                            ^~
[0m./compile pmatch.c
./compile fmt_ptime.c
./load svlogd pmatch.o fmt_ptime.o unix.a byte.a time.a \
`cat socket.lib`
./compile utmpset.c
[91mutmpset.c: In function 'utmp_logout':
utmpset.c:38:14: warning: passing argument 1 of 'time' from incompatible pointer type [-Wincompatible-pointer-types]
   38 |     if (time(&ut.ut_time) == -1) break;
      |              ^
      |              |
      |              int32_t * {aka int *}
In file included from utmpset.c:2:
/usr/include/time.h:76:29: note: expected 'time_t *' {aka 'long int *'} but argument is of type 'int32_t *' {aka 'int *'}
   76 | extern time_t time (time_t *__timer) __THROW;
      |                     ~~~~~~~~^~~~~~~
[0m[91mutmpset.c: In function 'wtmp_logout':
utmpset.c:68:12: warning: passing argument 1 of 'time' from incompatible pointer type [-Wincompatible-pointer-types]
   68 |   if (time(&ut.ut_time) == -1) {
      |            ^
      |            |
      |            int32_t * {aka int *}
[0m[91mIn file included from utmpset.c:2:
/usr/include/time.h:76:29: note: expected 'time_t *' {aka 'long int *'} but argument is of type 'int32_t *' {aka 'int *'}
   76 | extern time_t time (time_t *__timer) __THROW;
      |                     ~~~~~~~~^~~~~~~
[0m./load utmpset unix.a byte.a
Copying commands into ./command...
Checking commands in ./command...
[91m+ cd compile
+ exec make check
[0m./check-local chpst runit runit-init runsv runsvchdir runsvdir sv svlogd utmpset
Checking chpst...
Checking runit...
Checking runit-init...
Checking runsv...
Checking runsvchdir...
Checking runsvdir...
Checking sv...
Checking svlogd...
Checking utmpset...
Creating symlink runit -> runit-2.1.2...
Making command links in /command...
Making compatibility links in /usr/local/bin...
Removing intermediate container 65ab789fe9da
 ---> 605fe7e3d862
Step 27/48 : RUN ln -s /usr/local/bin/dumb-init /usr/bin/dumb-init && ln -s /usr/local/bin/runsvdir /usr/bin/runsvdir
 ---> Running in 6662dc9c9ead
Removing intermediate container 6662dc9c9ead
 ---> ff27ca87d9d9
Step 28/48 : RUN rm -rf /pgextwlist     && rm -rf /pg_stat_kcache     && rm /etc/pgbackrest.conf && rm -rf /var/spool/pgbackrest;
 ---> Running in 694e38c2bb4f
Removing intermediate container 694e38c2bb4f
 ---> 5cdda0cf38d2
Step 29/48 : RUN ${PACKAGER} -y remove python3-pip python3-wheel python3-dev git patchutils binutils     && ${PACKAGER} -y autoremove     && ${PACKAGER} -y clean all;
 ---> Running in e7bab0816e9c
No match for argument: python3-wheel
No match for argument: python3-dev
Dependencies resolved.
================================================================================
 Package                        Arch   Version                 Repository  Size
================================================================================
Removing:
 binutils                       x86_64 2.35.2-24.el9           @baseos     24 M
 git                            x86_64 2.31.1-2.el9.2          @appstream 365 k
 patchutils                     x86_64 0.4.2-7.el9             @appstream 210 k
 python3-pip                    noarch 21.2.3-6.el9            @appstream 8.7 M
Removing dependent packages:
 annobin                        x86_64 10.73-3.el9             @appstream 1.0 M
 binutils-gold                  x86_64 2.35.2-24.el9           @baseos    2.0 M
 gcc                            x86_64 11.3.1-2.1.el9          @appstream  85 M
 gcc-plugin-annobin             x86_64 11.3.1-2.1.el9          @appstream  52 k
 git-clang-format               x86_64 14.0.6-1.el9            @appstream  23 k
 postgresql14-devel             x86_64 14.6-1PGDG.rhel9        @pgdg14     19 M
Removing unused dependencies:
 checkpolicy                    x86_64 3.4-1.el9               @appstream 1.4 M
 clang                          x86_64 14.0.6-1.el9            @appstream 180 k
 clang-devel                    x86_64 14.0.6-1.el9            @appstream  17 M
 clang-libs                     x86_64 14.0.6-1.el9            @appstream  97 M
 clang-resource-filesystem      x86_64 14.0.6-1.el9            @appstream   6  
 clang-tools-extra              x86_64 14.0.6-1.el9            @appstream  66 M
 compiler-rt                    x86_64 14.0.6-1.el9            @appstream  45 M
 cpp                            x86_64 11.3.1-2.1.el9          @appstream  29 M
 diffutils                      x86_64 3.7-12.el9              @baseos    1.4 M
 ed                             x86_64 1.14.2-12.el9           @baseos    127 k
 environment-modules            x86_64 5.0.1-1.el9             @baseos    2.4 M
 gcc-c++                        x86_64 11.3.1-2.1.el9          @appstream  32 M
 gcc-toolset-12-binutils        x86_64 2.38-16.el9             @appstream  24 M
 gcc-toolset-12-binutils-gold   x86_64 2.38-16.el9             @appstream 2.1 M
 gcc-toolset-12-gcc             x86_64 12.1.1-3.2.el9          @appstream 111 M
 gcc-toolset-12-gcc-c++         x86_64 12.1.1-3.2.el9          @appstream  35 M
 gcc-toolset-12-libstdc++-devel x86_64 12.1.1-3.2.el9          @appstream  19 M
 gcc-toolset-12-runtime         x86_64 12.0-5.el9              @appstream 3.6 k
 git-core                       x86_64 2.31.1-2.el9.2          @appstream  16 M
 git-core-doc                   noarch 2.31.1-2.el9.2          @appstream  15 M
 info                           x86_64 6.7-15.el9              @baseos    496 k
 libedit-devel                  x86_64 3.1-37.20210216cvs.el9  @appstream  57 k
 libicu-devel                   x86_64 67.1-9.el9              @appstream 5.4 M
 libmpc                         x86_64 1.2.1-4.el9             @appstream 135 k
 libomp                         x86_64 14.0.6-1.el9            @appstream 2.5 M
 libomp-devel                   x86_64 14.0.6-1.el9            @appstream 180 k
 libpipeline                    x86_64 1.5.3-4.el9             @baseos    113 k
 libselinux-utils               x86_64 3.4-3.el9               @baseos    385 k
 libstdc++-devel                x86_64 11.3.1-2.1.el9          @appstream  13 M
 llvm                           x86_64 14.0.6-1.el9            @appstream  48 M
 llvm-devel                     x86_64 14.0.6-1.el9            @appstream  21 M
 llvm-libs                      x86_64 14.0.6-1.el9            @appstream  85 M
 llvm-static                    x86_64 14.0.6-1.el9            @appstream 218 M
 llvm-test                      x86_64 14.0.6-1.el9            @appstream 1.7 M
 man-db                         x86_64 2.9.3-6.el9             @baseos    2.5 M
 ncurses-c++-libs               x86_64 6.2-8.20210508.el9      @appstream 162 k
 ncurses-devel                  x86_64 6.2-8.20210508.el9      @appstream 857 k
 patch                          x86_64 2.7.6-16.el9            @appstream 259 k
 perl-DynaLoader                x86_64 1.47-479.el9            @appstream  32 k
 perl-Error                     noarch 1:0.17029-7.el9         @appstream  78 k
 perl-Git                       noarch 2.31.1-2.el9.2          @appstream  64 k
 perl-TermReadKey               x86_64 2.38-11.el9             @appstream  65 k
 perl-lib                       x86_64 0.65-479.el9            @appstream 9.4 k
 policycoreutils                x86_64 3.4-4.el9               @baseos    690 k
 policycoreutils-python-utils   noarch 3.4-4.el9               @appstream 117 k
 python3-audit                  x86_64 3.0.7-103.el9           @appstream 337 k
 python3-libselinux             x86_64 3.4-3.el9               @appstream 601 k
 python3-libsemanage            x86_64 3.4-2.el9               @appstream 416 k
 python3-policycoreutils        noarch 3.4-4.el9               @appstream 5.4 M
 python3-setools                x86_64 4.4.0-5.el9             @baseos    2.3 M
 scl-utils                      x86_64 1:2.0.3-2.el9           @appstream  66 k

Transaction Summary
================================================================================
Remove  61 Packages

Freed space: 1.0 G
Running transaction check
Transaction check succeeded.
Running transaction test
Transaction test succeeded.
Running transaction
  Preparing        :                                                        1/1 
  Erasing          : postgresql14-devel-14.6-1PGDG.rhel9.x86_64            1/61 
  Erasing          : clang-devel-14.0.6-1.el9.x86_64                       2/61 
  Erasing          : clang-14.0.6-1.el9.x86_64                             3/61 
  Running scriptlet: clang-14.0.6-1.el9.x86_64                             3/61 
  Erasing          : llvm-devel-14.0.6-1.el9.x86_64                        4/61 
  Running scriptlet: llvm-devel-14.0.6-1.el9.x86_64                        4/61 
  Erasing          : llvm-test-14.0.6-1.el9.x86_64                         5/61 
  Erasing          : llvm-14.0.6-1.el9.x86_64                              6/61 
  Erasing          : gcc-c++-11.3.1-2.1.el9.x86_64                         7/61 
  Running scriptlet: gcc-c++-11.3.1-2.1.el9.x86_64                         7/61 
  Erasing          : annobin-10.73-3.el9.x86_64                            8/61 
  Running scriptlet: annobin-10.73-3.el9.x86_64                            8/61 
  Erasing          : git-clang-format-14.0.6-1.el9.x86_64                  9/61 
  Erasing          : git-2.31.1-2.el9.2.x86_64                            10/61 
  Erasing          : git-core-doc-2.31.1-2.el9.2.noarch                   11/61 
  Erasing          : perl-Git-2.31.1-2.el9.2.noarch                       12/61 
  Erasing          : libedit-devel-3.1-37.20210216cvs.el9.x86_64          13/61 
  Erasing          : clang-tools-extra-14.0.6-1.el9.x86_64                14/61 
  Erasing          : ncurses-devel-6.2-8.20210508.el9.x86_64              15/61 
  Erasing          : clang-libs-14.0.6-1.el9.x86_64                       16/61 
  Erasing          : libomp-devel-14.0.6-1.el9.x86_64                     17/61 
  Erasing          : gcc-toolset-12-gcc-c++-12.1.1-3.2.el9.x86_64         18/61 
  Erasing          : gcc-toolset-12-gcc-12.1.1-3.2.el9.x86_64             19/61 
  Running scriptlet: gcc-toolset-12-binutils-2.38-16.el9.x86_64           20/61 
  Erasing          : gcc-toolset-12-binutils-2.38-16.el9.x86_64           20/61 
  Running scriptlet: gcc-toolset-12-binutils-2.38-16.el9.x86_64           20/61 
  Erasing          : libomp-14.0.6-1.el9.x86_64                           21/61 
  Erasing          : gcc-toolset-12-libstdc++-devel-12.1.1-3.2.el9.x86_   22/61 
  Running scriptlet: gcc-toolset-12-binutils-gold-2.38-16.el9.x86_64      23/61 
  Erasing          : gcc-toolset-12-binutils-gold-2.38-16.el9.x86_64      23/61 
  Running scriptlet: gcc-toolset-12-runtime-12.0-5.el9.x86_64             24/61 
  Erasing          : gcc-toolset-12-runtime-12.0-5.el9.x86_64             24/61 
  Running scriptlet: gcc-toolset-12-runtime-12.0-5.el9.x86_64             24/61 
ValueError: SELinux policy is not managed or store cannot be accessed.

  Erasing          : policycoreutils-python-utils-3.4-4.el9.noarch        25/61 
  Erasing          : python3-policycoreutils-3.4-4.el9.noarch             26/61 
  Running scriptlet: policycoreutils-3.4-4.el9.x86_64                     27/61 
Removed "/etc/systemd/system/sysinit.target.wants/selinux-autorelabel-mark.service".

  Erasing          : policycoreutils-3.4-4.el9.x86_64                     27/61 
  Erasing          : python3-libsemanage-3.4-2.el9.x86_64                 28/61 
  Erasing          : scl-utils-1:2.0.3-2.el9.x86_64                       29/61 
  Erasing          : environment-modules-5.0.1-1.el9.x86_64               30/61 
  Running scriptlet: environment-modules-5.0.1-1.el9.x86_64               30/61 
  Running scriptlet: man-db-2.9.3-6.el9.x86_64                            31/61 
  Erasing          : man-db-2.9.3-6.el9.x86_64                            31/61 
  Running scriptlet: man-db-2.9.3-6.el9.x86_64                            31/61 
  Erasing          : compiler-rt-14.0.6-1.el9.x86_64                      32/61 
  Erasing          : perl-TermReadKey-2.38-11.el9.x86_64                  33/61 
  Erasing          : patchutils-0.4.2-7.el9.x86_64                        34/61 
  Erasing          : patch-2.7.6-16.el9.x86_64                            35/61 
  Erasing          : ed-1.14.2-12.el9.x86_64                              36/61 
  Erasing          : gcc-plugin-annobin-11.3.1-2.1.el9.x86_64             37/61 
  Erasing          : perl-DynaLoader-1.47-479.el9.x86_64                  38/61 
  Erasing          : clang-resource-filesystem-14.0.6-1.el9.x86_64        39/61 
  Erasing          : perl-Error-1:0.17029-7.el9.noarch                    40/61 
  Erasing          : perl-lib-0.65-479.el9.x86_64                         41/61 
  Erasing          : libstdc++-devel-11.3.1-2.1.el9.x86_64                42/61 
  Erasing          : llvm-static-14.0.6-1.el9.x86_64                      43/61 
  Erasing          : python3-pip-21.2.3-6.el9.noarch                      44/61 
  Erasing          : gcc-11.3.1-2.1.el9.x86_64                            45/61 
  Running scriptlet: gcc-11.3.1-2.1.el9.x86_64                            45/61 
  Running scriptlet: binutils-2.35.2-24.el9.x86_64                        46/61 
  Erasing          : binutils-2.35.2-24.el9.x86_64                        46/61 
  Running scriptlet: binutils-2.35.2-24.el9.x86_64                        46/61 
  Erasing          : cpp-11.3.1-2.1.el9.x86_64                            47/61 
  Erasing          : libmpc-1.2.1-4.el9.x86_64                            48/61 
  Erasing          : binutils-gold-2.35.2-24.el9.x86_64                   49/61 
  Erasing          : info-6.7-15.el9.x86_64                               50/61 
  Erasing          : libpipeline-1.5.3-4.el9.x86_64                       51/61 
  Erasing          : python3-libselinux-3.4-3.el9.x86_64                  52/61 
  Erasing          : diffutils-3.7-12.el9.x86_64                          53/61 
  Erasing          : libselinux-utils-3.4-3.el9.x86_64                    54/61 
  Erasing          : python3-audit-3.0.7-103.el9.x86_64                   55/61 
  Erasing          : checkpolicy-3.4-1.el9.x86_64                         56/61 
  Erasing          : python3-setools-4.4.0-5.el9.x86_64                   57/61 
  Erasing          : llvm-libs-14.0.6-1.el9.x86_64                        58/61 
  Erasing          : ncurses-c++-libs-6.2-8.20210508.el9.x86_64           59/61 
  Erasing          : git-core-2.31.1-2.el9.2.x86_64                       60/61 
  Erasing          : libicu-devel-67.1-9.el9.x86_64                       61/61 
  Verifying        : annobin-10.73-3.el9.x86_64                            1/61 
  Verifying        : binutils-2.35.2-24.el9.x86_64                         2/61 
  Verifying        : binutils-gold-2.35.2-24.el9.x86_64                    3/61 
  Verifying        : checkpolicy-3.4-1.el9.x86_64                          4/61 
  Verifying        : clang-14.0.6-1.el9.x86_64                             5/61 
  Verifying        : clang-devel-14.0.6-1.el9.x86_64                       6/61 
  Verifying        : clang-libs-14.0.6-1.el9.x86_64                        7/61 
  Verifying        : clang-resource-filesystem-14.0.6-1.el9.x86_64         8/61 
  Verifying        : clang-tools-extra-14.0.6-1.el9.x86_64                 9/61 
  Verifying        : compiler-rt-14.0.6-1.el9.x86_64                      10/61 
  Verifying        : cpp-11.3.1-2.1.el9.x86_64                            11/61 
  Verifying        : diffutils-3.7-12.el9.x86_64                          12/61 
  Verifying        : ed-1.14.2-12.el9.x86_64                              13/61 
  Verifying        : environment-modules-5.0.1-1.el9.x86_64               14/61 
  Verifying        : gcc-11.3.1-2.1.el9.x86_64                            15/61 
  Verifying        : gcc-c++-11.3.1-2.1.el9.x86_64                        16/61 
  Verifying        : gcc-plugin-annobin-11.3.1-2.1.el9.x86_64             17/61 
  Verifying        : gcc-toolset-12-binutils-2.38-16.el9.x86_64           18/61 
  Verifying        : gcc-toolset-12-binutils-gold-2.38-16.el9.x86_64      19/61 
  Verifying        : gcc-toolset-12-gcc-12.1.1-3.2.el9.x86_64             20/61 
  Verifying        : gcc-toolset-12-gcc-c++-12.1.1-3.2.el9.x86_64         21/61 
  Verifying        : gcc-toolset-12-libstdc++-devel-12.1.1-3.2.el9.x86_   22/61 
  Verifying        : gcc-toolset-12-runtime-12.0-5.el9.x86_64             23/61 
  Verifying        : git-2.31.1-2.el9.2.x86_64                            24/61 
  Verifying        : git-clang-format-14.0.6-1.el9.x86_64                 25/61 
  Verifying        : git-core-2.31.1-2.el9.2.x86_64                       26/61 
  Verifying        : git-core-doc-2.31.1-2.el9.2.noarch                   27/61 
  Verifying        : info-6.7-15.el9.x86_64                               28/61 
  Verifying        : libedit-devel-3.1-37.20210216cvs.el9.x86_64          29/61 
  Verifying        : libicu-devel-67.1-9.el9.x86_64                       30/61 
  Verifying        : libmpc-1.2.1-4.el9.x86_64                            31/61 
  Verifying        : libomp-14.0.6-1.el9.x86_64                           32/61 
  Verifying        : libomp-devel-14.0.6-1.el9.x86_64                     33/61 
  Verifying        : libpipeline-1.5.3-4.el9.x86_64                       34/61 
  Verifying        : libselinux-utils-3.4-3.el9.x86_64                    35/61 
  Verifying        : libstdc++-devel-11.3.1-2.1.el9.x86_64                36/61 
  Verifying        : llvm-14.0.6-1.el9.x86_64                             37/61 
  Verifying        : llvm-devel-14.0.6-1.el9.x86_64                       38/61 
  Verifying        : llvm-libs-14.0.6-1.el9.x86_64                        39/61 
  Verifying        : llvm-static-14.0.6-1.el9.x86_64                      40/61 
  Verifying        : llvm-test-14.0.6-1.el9.x86_64                        41/61 
  Verifying        : man-db-2.9.3-6.el9.x86_64                            42/61 
  Verifying        : ncurses-c++-libs-6.2-8.20210508.el9.x86_64           43/61 
  Verifying        : ncurses-devel-6.2-8.20210508.el9.x86_64              44/61 
  Verifying        : patch-2.7.6-16.el9.x86_64                            45/61 
  Verifying        : patchutils-0.4.2-7.el9.x86_64                        46/61 
  Verifying        : perl-DynaLoader-1.47-479.el9.x86_64                  47/61 
  Verifying        : perl-Error-1:0.17029-7.el9.noarch                    48/61 
  Verifying        : perl-Git-2.31.1-2.el9.2.noarch                       49/61 
  Verifying        : perl-TermReadKey-2.38-11.el9.x86_64                  50/61 
  Verifying        : perl-lib-0.65-479.el9.x86_64                         51/61 
  Verifying        : policycoreutils-3.4-4.el9.x86_64                     52/61 
  Verifying        : policycoreutils-python-utils-3.4-4.el9.noarch        53/61 
  Verifying        : postgresql14-devel-14.6-1PGDG.rhel9.x86_64           54/61 
  Verifying        : python3-audit-3.0.7-103.el9.x86_64                   55/61 
  Verifying        : python3-libselinux-3.4-3.el9.x86_64                  56/61 
  Verifying        : python3-libsemanage-3.4-2.el9.x86_64                 57/61 
  Verifying        : python3-pip-21.2.3-6.el9.noarch                      58/61 
  Verifying        : python3-policycoreutils-3.4-4.el9.noarch             59/61 
  Verifying        : python3-setools-4.4.0-5.el9.x86_64                   60/61 
  Verifying        : scl-utils-1:2.0.3-2.el9.x86_64                       61/61 

Removed:
  annobin-10.73-3.el9.x86_64                                                    
  binutils-2.35.2-24.el9.x86_64                                                 
  binutils-gold-2.35.2-24.el9.x86_64                                            
  checkpolicy-3.4-1.el9.x86_64                                                  
  clang-14.0.6-1.el9.x86_64                                                     
  clang-devel-14.0.6-1.el9.x86_64                                               
  clang-libs-14.0.6-1.el9.x86_64                                                
  clang-resource-filesystem-14.0.6-1.el9.x86_64                                 
  clang-tools-extra-14.0.6-1.el9.x86_64                                         
  compiler-rt-14.0.6-1.el9.x86_64                                               
  cpp-11.3.1-2.1.el9.x86_64                                                     
  diffutils-3.7-12.el9.x86_64                                                   
  ed-1.14.2-12.el9.x86_64                                                       
  environment-modules-5.0.1-1.el9.x86_64                                        
  gcc-11.3.1-2.1.el9.x86_64                                                     
  gcc-c++-11.3.1-2.1.el9.x86_64                                                 
  gcc-plugin-annobin-11.3.1-2.1.el9.x86_64                                      
  gcc-toolset-12-binutils-2.38-16.el9.x86_64                                    
  gcc-toolset-12-binutils-gold-2.38-16.el9.x86_64                               
  gcc-toolset-12-gcc-12.1.1-3.2.el9.x86_64                                      
  gcc-toolset-12-gcc-c++-12.1.1-3.2.el9.x86_64                                  
  gcc-toolset-12-libstdc++-devel-12.1.1-3.2.el9.x86_64                          
  gcc-toolset-12-runtime-12.0-5.el9.x86_64                                      
  git-2.31.1-2.el9.2.x86_64                                                     
  git-clang-format-14.0.6-1.el9.x86_64                                          
  git-core-2.31.1-2.el9.2.x86_64                                                
  git-core-doc-2.31.1-2.el9.2.noarch                                            
  info-6.7-15.el9.x86_64                                                        
  libedit-devel-3.1-37.20210216cvs.el9.x86_64                                   
  libicu-devel-67.1-9.el9.x86_64                                                
  libmpc-1.2.1-4.el9.x86_64                                                     
  libomp-14.0.6-1.el9.x86_64                                                    
  libomp-devel-14.0.6-1.el9.x86_64                                              
  libpipeline-1.5.3-4.el9.x86_64                                                
  libselinux-utils-3.4-3.el9.x86_64                                             
  libstdc++-devel-11.3.1-2.1.el9.x86_64                                         
  llvm-14.0.6-1.el9.x86_64                                                      
  llvm-devel-14.0.6-1.el9.x86_64                                                
  llvm-libs-14.0.6-1.el9.x86_64                                                 
  llvm-static-14.0.6-1.el9.x86_64                                               
  llvm-test-14.0.6-1.el9.x86_64                                                 
  man-db-2.9.3-6.el9.x86_64                                                     
  ncurses-c++-libs-6.2-8.20210508.el9.x86_64                                    
  ncurses-devel-6.2-8.20210508.el9.x86_64                                       
  patch-2.7.6-16.el9.x86_64                                                     
  patchutils-0.4.2-7.el9.x86_64                                                 
  perl-DynaLoader-1.47-479.el9.x86_64                                           
  perl-Error-1:0.17029-7.el9.noarch                                             
  perl-Git-2.31.1-2.el9.2.noarch                                                
  perl-TermReadKey-2.38-11.el9.x86_64                                           
  perl-lib-0.65-479.el9.x86_64                                                  
  policycoreutils-3.4-4.el9.x86_64                                              
  policycoreutils-python-utils-3.4-4.el9.noarch                                 
  postgresql14-devel-14.6-1PGDG.rhel9.x86_64                                    
  python3-audit-3.0.7-103.el9.x86_64                                            
  python3-libselinux-3.4-3.el9.x86_64                                           
  python3-libsemanage-3.4-2.el9.x86_64                                          
  python3-pip-21.2.3-6.el9.noarch                                               
  python3-policycoreutils-3.4-4.el9.noarch                                      
  python3-setools-4.4.0-5.el9.x86_64                                            
  scl-utils-1:2.0.3-2.el9.x86_64                                                

Complete!
Last metadata expiration check: 0:00:30 ago on Fri Dec 16 10:26:04 2022.
Dependencies resolved.
Nothing to do.
Complete!
87 files removed
Removing intermediate container e7bab0816e9c
 ---> 1f7a183a80b6
Step 30/48 : FROM builder-false
 ---> 1f7a183a80b6
Step 31/48 : ARG PG_VERSION
 ---> Running in 03907a2118dc
Removing intermediate container 03907a2118dc
 ---> 34aa4586b08d
Step 32/48 : ARG PG_MAJOR
 ---> Running in 34d3eb9d59a6
Removing intermediate container 34d3eb9d59a6
 ---> 017a6475362a
Step 33/48 : ARG TIMESCALEDB
 ---> Running in 752855b80c2f
Removing intermediate container 752855b80c2f
 ---> cf7e9618c89f
Step 34/48 : ARG COMPRESS
 ---> Running in 787b626ece79
Removing intermediate container 787b626ece79
 ---> 3fc9182d0f74
Step 35/48 : EXPOSE 5432 8008 8080
 ---> Running in 27f1992d950d
Removing intermediate container 27f1992d950d
 ---> ed6dafc5c9c9
Step 36/48 : ENV LC_ALL=en_US.utf-8     PATH=$PATH:/usr/pgsql-$PG_MAJOR/bin     PGHOME=/home/postgres     RW_DIR=/run     TIMESCALEDB=$TIMESCALEDB     DEMO=$DEMO
 ---> Running in 4b702fbbedfd
Removing intermediate container 4b702fbbedfd
 ---> fa36da359e5c
Step 37/48 : ENV LOG_ENV_DIR=$RW_DIR/etc/log.d/env     PGROOT=$PGHOME/pgdata/pgroot
 ---> Running in 26edaedc18e1
Removing intermediate container 26edaedc18e1
 ---> 027e53ea8cb0
Step 38/48 : ENV PGDATA=$PGROOT/data     PGLOG=$PGROOT/pg_log
 ---> Running in be53b9c004a9
Removing intermediate container be53b9c004a9
 ---> dffc5ce8a60f
Step 39/48 : WORKDIR $PGHOME
 ---> Running in 578dc9c12b3c
Removing intermediate container 578dc9c12b3c
 ---> 5ab066a44539
Step 40/48 : COPY motd /etc/
 ---> 8c74ee90e5c8
Step 41/48 : COPY runit /etc/runit/runsvdir/default/
 ---> 203c1a5691cc
Step 42/48 : COPY pgq_ticker.ini $PGHOME/
 ---> 333825fc6475
Step 43/48 : RUN rm -rf /etc/service
 ---> Running in 36eb2169da75
Removing intermediate container 36eb2169da75
 ---> 927f0df2aa25
Step 44/48 : RUN sed -i "s|/var/lib/pgsql.*|$PGHOME:/bin/bash|" /etc/passwd         && chown -R postgres:postgres $PGHOME $RW_DIR         && rm -fr /var/spool/cron /var/tmp         && mkdir -p /var/spool         && ln -s $RW_DIR/cron /var/spool/cron         && ln -s $RW_DIR/tmp /var/tmp         && for d in /etc/runit/runsvdir/default/*; do             chmod 755 $d/*             && ln -s /run/supervise/$(basename $d) $d/supervise;         done         && ln -snf $RW_DIR/service /etc/service         && ln -s $RW_DIR/postgres.yml $PGHOME/postgres.yml         && ln -s $RW_DIR/.bash_history /root/.bash_history         && ln -s $RW_DIR/postgresql/.bash_history $PGHOME/.bash_history         && ln -s $RW_DIR/postgresql/.psql_history $PGHOME/.psql_history         && ln -s $RW_DIR/etc $PGHOME/etc         && for d in $PGHOME /root; do             d=$d/.config/patroni             && mkdir -p $d             && ln -s $PGHOME/postgres.yml $d/patronictl.yaml;         done         && sed -i 's/set compatible/set nocompatible/' /etc/vimrc         && echo "PATH=\"$PATH\"" > /etc/environment         && for e in TERM=linux LC_ALL=C.UTF-8 LANG=C.UTF-8 EDITOR=editor;             do echo "export $e" >> /etc/bash.bashrc;         done         && ln -s /etc/skel/.bashrc $PGHOME/.bashrc         && echo "source /etc/motd" >> /root/.bashrc         && if [ "$COMPRESS" != "true" ]; then            chmod 664 /etc/passwd            && chmod o+r /etc/shadow            && chgrp -R 0 $PGHOME $RW_DIR            && chmod -R g=u $PGHOME $RW_DIR            && usermod -a -G root postgres;         fi
 ---> Running in c0111338a393
Removing intermediate container c0111338a393
 ---> 2a711cb5e0f2
Step 45/48 : COPY scripts bootstrap major_upgrade /scripts/
 ---> 6ddfe2c93856
Step 46/48 : COPY launcher/postgres/launch.sh /
 ---> af32e38c0b15
Step 47/48 : USER 26
 ---> Running in 0276d538b241
Removing intermediate container 0276d538b241
 ---> 6c2bb9a1438f
Step 48/48 : CMD ["/bin/sh", "/launch.sh", "init"]
 ---> Running in 41c57d2f144f
Removing intermediate container 41c57d2f144f
 ---> 2688f8535d27
[Warning] One or more build-args [IMAGE_REPOSITORY OLD_PG_VERSION BASE_IMAGE] were not consumed
Successfully built 2688f8535d27
Successfully tagged cybertec-os-container/postgres-stage:14.0.1
