docker build /home/matthias/cdev/src/github.com/cybertec/cybertec-pg-container							\
		--file /home/matthias/cdev/src/github.com/cybertec/cybertec-pg-container/docker/base/Dockerfile 	\
		--tag cybertec-pg-container/base:rocky9-1 		\
		--build-arg BASE_IMAGE							\
		--build-arg IMAGE_REPOSITORY 					\
		--build-arg BASEOS 								\
		--build-arg PACKAGER 							\
		--build-arg CONTAINERSUITE 						
docker build /home/matthias/cdev/src/github.com/cybertec/cybertec-pg-container							\
		--file /home/matthias/cdev/src/github.com/cybertec/cybertec-pg-container/docker/pgbackrest/Dockerfile 	\
		--tag cybertec-pg-container/pgbackrest:rocky9-16.0-1-1 		\
		--build-arg BASE_IMAGE							\
		--build-arg IMAGE_REPOSITORY 					\
		--build-arg BASEOS 								\
		--build-arg PACKAGER 							\
		--build-arg CONTAINERSUITE 						\
		--build-arg BUILD 								\
		--build-arg PGBACKREST_VERSION 					\
		--build-arg OLD_PG_VERSIONS						\
		--build-arg PGVERSION 												
docker build /home/matthias/cdev/src/github.com/cybertec/cybertec-pg-container								\
		--file /home/matthias/cdev/src/github.com/cybertec/cybertec-pg-container/docker/postgres/Dockerfile 		\
		--tag cybertec-pg-container/postgres:rocky9-16.0-1-1	\
		--build-arg BASE_IMAGE								\
		--build-arg IMAGE_REPOSITORY 						\
		--build-arg BASEOS 									\
		--build-arg PACKAGER 								\
		--build-arg CONTAINERSUITE 							\
		--build-arg BUILD 									\
		--build-arg PATRONI_VERSION 						\
		--build-arg PGBACKREST_VERSION 						\
		--build-arg OLD_PG_VERSIONS							\
		--build-arg PGVERSION 							
